mode: set
github.com/dnsoftware/go-metrics/cmd/agent/main.go:5.13,7.2 1 0
github.com/dnsoftware/go-metrics/cmd/server/main.go:15.13,21.16 5 0
github.com/dnsoftware/go-metrics/cmd/server/main.go:21.16,22.13 1 0
github.com/dnsoftware/go-metrics/cmd/staticlint/main.go:23.13,27.2 1 0
github.com/dnsoftware/go-metrics/internal/agent/app/app.go:17.17,23.16 4 0
github.com/dnsoftware/go-metrics/internal/agent/app/app.go:23.16,25.3 1 0
github.com/dnsoftware/go-metrics/internal/agent/app/app.go:28.2,29.29 2 0
github.com/dnsoftware/go-metrics/internal/agent/app/app.go:30.31,32.99 1 0
github.com/dnsoftware/go-metrics/internal/agent/app/app.go:33.31,35.17 2 0
github.com/dnsoftware/go-metrics/internal/agent/app/app.go:35.17,37.4 1 0
github.com/dnsoftware/go-metrics/internal/agent/app/app.go:38.10,39.155 1 0
github.com/dnsoftware/go-metrics/internal/agent/app/app.go:42.2,44.12 2 0
github.com/dnsoftware/go-metrics/internal/agent/app/app.go:44.12,46.3 1 0
github.com/dnsoftware/go-metrics/internal/agent/app/app.go:48.2,48.17 1 0
github.com/dnsoftware/go-metrics/internal/agent/app/confjson.go:22.60,24.22 1 1
github.com/dnsoftware/go-metrics/internal/agent/app/confjson.go:24.22,26.3 1 1
github.com/dnsoftware/go-metrics/internal/agent/app/confjson.go:28.2,29.16 2 1
github.com/dnsoftware/go-metrics/internal/agent/app/confjson.go:29.16,32.3 2 1
github.com/dnsoftware/go-metrics/internal/agent/app/confjson.go:33.2,37.47 4 1
github.com/dnsoftware/go-metrics/internal/agent/app/confjson.go:37.47,40.3 2 1
github.com/dnsoftware/go-metrics/internal/agent/app/confjson.go:42.2,43.16 2 1
github.com/dnsoftware/go-metrics/internal/agent/app/confjson.go:43.16,46.3 2 0
github.com/dnsoftware/go-metrics/internal/agent/app/confjson.go:47.2,50.16 3 1
github.com/dnsoftware/go-metrics/internal/agent/app/confjson.go:50.16,53.3 2 0
github.com/dnsoftware/go-metrics/internal/agent/app/confjson.go:54.2,56.18 2 1
github.com/dnsoftware/go-metrics/internal/agent/app/flags.go:25.33,45.16 4 1
github.com/dnsoftware/go-metrics/internal/agent/app/flags.go:45.16,47.3 1 0
github.com/dnsoftware/go-metrics/internal/agent/app/flags.go:50.2,66.17 13 1
github.com/dnsoftware/go-metrics/internal/agent/app/flags.go:66.17,68.3 1 0
github.com/dnsoftware/go-metrics/internal/agent/app/flags.go:70.2,71.21 2 1
github.com/dnsoftware/go-metrics/internal/agent/app/flags.go:71.21,72.29 1 0
github.com/dnsoftware/go-metrics/internal/agent/app/flags.go:72.29,74.4 1 0
github.com/dnsoftware/go-metrics/internal/agent/app/flags.go:74.9,76.4 1 0
github.com/dnsoftware/go-metrics/internal/agent/app/flags.go:78.3,78.35 1 0
github.com/dnsoftware/go-metrics/internal/agent/app/flags.go:78.35,80.4 1 0
github.com/dnsoftware/go-metrics/internal/agent/app/flags.go:80.9,82.4 1 0
github.com/dnsoftware/go-metrics/internal/agent/app/flags.go:84.3,84.33 1 0
github.com/dnsoftware/go-metrics/internal/agent/app/flags.go:84.33,86.4 1 0
github.com/dnsoftware/go-metrics/internal/agent/app/flags.go:86.9,88.4 1 0
github.com/dnsoftware/go-metrics/internal/agent/app/flags.go:90.3,90.35 1 0
github.com/dnsoftware/go-metrics/internal/agent/app/flags.go:90.35,92.4 1 0
github.com/dnsoftware/go-metrics/internal/agent/app/flags.go:92.9,94.4 1 0
github.com/dnsoftware/go-metrics/internal/agent/app/flags.go:96.3,96.30 1 0
github.com/dnsoftware/go-metrics/internal/agent/app/flags.go:96.30,98.4 1 0
github.com/dnsoftware/go-metrics/internal/agent/app/flags.go:99.3,99.36 1 0
github.com/dnsoftware/go-metrics/internal/agent/app/flags.go:99.36,101.4 1 0
github.com/dnsoftware/go-metrics/internal/agent/app/flags.go:102.3,102.34 1 0
github.com/dnsoftware/go-metrics/internal/agent/app/flags.go:102.34,104.4 1 0
github.com/dnsoftware/go-metrics/internal/agent/app/flags.go:105.3,105.32 1 0
github.com/dnsoftware/go-metrics/internal/agent/app/flags.go:105.32,107.4 1 0
github.com/dnsoftware/go-metrics/internal/agent/app/flags.go:109.3,109.33 1 0
github.com/dnsoftware/go-metrics/internal/agent/app/flags.go:109.33,111.4 1 0
github.com/dnsoftware/go-metrics/internal/agent/app/flags.go:111.9,113.4 1 0
github.com/dnsoftware/go-metrics/internal/agent/app/flags.go:115.3,115.31 1 0
github.com/dnsoftware/go-metrics/internal/agent/app/flags.go:115.31,117.4 1 0
github.com/dnsoftware/go-metrics/internal/agent/app/flags.go:117.9,119.4 1 0
github.com/dnsoftware/go-metrics/internal/agent/app/flags.go:121.8,122.30 1 1
github.com/dnsoftware/go-metrics/internal/agent/app/flags.go:122.30,124.4 1 1
github.com/dnsoftware/go-metrics/internal/agent/app/flags.go:125.3,125.36 1 1
github.com/dnsoftware/go-metrics/internal/agent/app/flags.go:125.36,127.4 1 1
github.com/dnsoftware/go-metrics/internal/agent/app/flags.go:128.3,128.34 1 1
github.com/dnsoftware/go-metrics/internal/agent/app/flags.go:128.34,130.4 1 1
github.com/dnsoftware/go-metrics/internal/agent/app/flags.go:131.3,131.32 1 1
github.com/dnsoftware/go-metrics/internal/agent/app/flags.go:131.32,133.4 1 1
github.com/dnsoftware/go-metrics/internal/agent/app/flags.go:134.3,134.34 1 1
github.com/dnsoftware/go-metrics/internal/agent/app/flags.go:134.34,136.4 1 0
github.com/dnsoftware/go-metrics/internal/agent/app/flags.go:137.3,137.32 1 1
github.com/dnsoftware/go-metrics/internal/agent/app/flags.go:137.32,139.4 1 0
github.com/dnsoftware/go-metrics/internal/agent/app/flags.go:143.2,143.26 1 1
github.com/dnsoftware/go-metrics/internal/agent/app/flags.go:143.26,145.3 1 0
github.com/dnsoftware/go-metrics/internal/agent/app/flags.go:147.2,147.32 1 1
github.com/dnsoftware/go-metrics/internal/agent/app/flags.go:147.32,149.3 1 0
github.com/dnsoftware/go-metrics/internal/agent/app/flags.go:151.2,151.30 1 1
github.com/dnsoftware/go-metrics/internal/agent/app/flags.go:151.30,153.3 1 0
github.com/dnsoftware/go-metrics/internal/agent/app/flags.go:155.2,155.28 1 1
github.com/dnsoftware/go-metrics/internal/agent/app/flags.go:155.28,157.3 1 0
github.com/dnsoftware/go-metrics/internal/agent/app/flags.go:159.2,159.27 1 1
github.com/dnsoftware/go-metrics/internal/agent/app/flags.go:159.27,161.3 1 0
github.com/dnsoftware/go-metrics/internal/agent/app/flags.go:163.2,163.33 1 1
github.com/dnsoftware/go-metrics/internal/agent/app/flags.go:163.33,165.3 1 0
github.com/dnsoftware/go-metrics/internal/agent/app/flags.go:167.2,167.30 1 1
github.com/dnsoftware/go-metrics/internal/agent/app/flags.go:167.30,169.3 1 0
github.com/dnsoftware/go-metrics/internal/agent/app/flags.go:171.2,171.28 1 1
github.com/dnsoftware/go-metrics/internal/agent/app/flags.go:171.28,173.3 1 0
github.com/dnsoftware/go-metrics/internal/agent/app/flags.go:175.2,175.14 1 1
github.com/dnsoftware/go-metrics/internal/agent/app/flags.go:178.39,180.2 1 1
github.com/dnsoftware/go-metrics/internal/agent/app/flags.go:182.45,184.2 1 1
github.com/dnsoftware/go-metrics/internal/agent/app/flags.go:186.43,188.2 1 1
github.com/dnsoftware/go-metrics/internal/agent/app/flags.go:190.41,192.2 1 1
github.com/dnsoftware/go-metrics/internal/agent/app/flags.go:194.38,196.2 1 1
github.com/dnsoftware/go-metrics/internal/agent/app/flags.go:198.46,200.2 1 0
github.com/dnsoftware/go-metrics/internal/agent/app/flags.go:202.43,204.2 1 0
github.com/dnsoftware/go-metrics/internal/logger/logger.go:24.20,25.17 1 1
github.com/dnsoftware/go-metrics/internal/logger/logger.go:25.17,29.17 3 1
github.com/dnsoftware/go-metrics/internal/logger/logger.go:29.17,31.4 1 0
github.com/dnsoftware/go-metrics/internal/logger/logger.go:34.2,34.22 1 1
github.com/dnsoftware/go-metrics/internal/logger/logger.go:38.77,49.16 6 1
github.com/dnsoftware/go-metrics/internal/logger/logger.go:49.16,51.3 1 0
github.com/dnsoftware/go-metrics/internal/logger/logger.go:54.2,70.15 7 1
github.com/dnsoftware/go-metrics/internal/proto/metrics.pb.go:34.36,36.29 2 0
github.com/dnsoftware/go-metrics/internal/proto/metrics.pb.go:36.29,40.3 3 0
github.com/dnsoftware/go-metrics/internal/proto/metrics.pb.go:43.44,45.2 1 0
github.com/dnsoftware/go-metrics/internal/proto/metrics.pb.go:47.42,47.43 0 0
github.com/dnsoftware/go-metrics/internal/proto/metrics.pb.go:49.64,51.41 2 0
github.com/dnsoftware/go-metrics/internal/proto/metrics.pb.go:51.41,53.34 2 0
github.com/dnsoftware/go-metrics/internal/proto/metrics.pb.go:53.34,55.4 1 0
github.com/dnsoftware/go-metrics/internal/proto/metrics.pb.go:56.3,56.12 1 0
github.com/dnsoftware/go-metrics/internal/proto/metrics.pb.go:58.2,58.24 1 0
github.com/dnsoftware/go-metrics/internal/proto/metrics.pb.go:62.55,64.2 1 0
github.com/dnsoftware/go-metrics/internal/proto/metrics.pb.go:66.51,67.14 1 0
github.com/dnsoftware/go-metrics/internal/proto/metrics.pb.go:67.14,69.3 1 0
github.com/dnsoftware/go-metrics/internal/proto/metrics.pb.go:70.2,70.11 1 0
github.com/dnsoftware/go-metrics/internal/proto/metrics.pb.go:73.51,74.14 1 0
github.com/dnsoftware/go-metrics/internal/proto/metrics.pb.go:74.14,76.3 1 0
github.com/dnsoftware/go-metrics/internal/proto/metrics.pb.go:77.2,77.11 1 0
github.com/dnsoftware/go-metrics/internal/proto/metrics.pb.go:89.37,91.29 2 0
github.com/dnsoftware/go-metrics/internal/proto/metrics.pb.go:91.29,95.3 3 0
github.com/dnsoftware/go-metrics/internal/proto/metrics.pb.go:98.45,100.2 1 0
github.com/dnsoftware/go-metrics/internal/proto/metrics.pb.go:102.43,102.44 0 0
github.com/dnsoftware/go-metrics/internal/proto/metrics.pb.go:104.65,106.41 2 0
github.com/dnsoftware/go-metrics/internal/proto/metrics.pb.go:106.41,108.34 2 0
github.com/dnsoftware/go-metrics/internal/proto/metrics.pb.go:108.34,110.4 1 0
github.com/dnsoftware/go-metrics/internal/proto/metrics.pb.go:111.3,111.12 1 0
github.com/dnsoftware/go-metrics/internal/proto/metrics.pb.go:113.2,113.24 1 0
github.com/dnsoftware/go-metrics/internal/proto/metrics.pb.go:117.56,119.2 1 0
github.com/dnsoftware/go-metrics/internal/proto/metrics.pb.go:121.53,122.14 1 0
github.com/dnsoftware/go-metrics/internal/proto/metrics.pb.go:122.14,124.3 1 0
github.com/dnsoftware/go-metrics/internal/proto/metrics.pb.go:125.2,125.11 1 0
github.com/dnsoftware/go-metrics/internal/proto/metrics.pb.go:128.47,129.14 1 0
github.com/dnsoftware/go-metrics/internal/proto/metrics.pb.go:129.14,131.3 1 0
github.com/dnsoftware/go-metrics/internal/proto/metrics.pb.go:132.2,132.11 1 0
github.com/dnsoftware/go-metrics/internal/proto/metrics.pb.go:145.39,147.29 2 0
github.com/dnsoftware/go-metrics/internal/proto/metrics.pb.go:147.29,151.3 3 0
github.com/dnsoftware/go-metrics/internal/proto/metrics.pb.go:154.47,156.2 1 0
github.com/dnsoftware/go-metrics/internal/proto/metrics.pb.go:158.45,158.46 0 0
github.com/dnsoftware/go-metrics/internal/proto/metrics.pb.go:160.67,162.41 2 0
github.com/dnsoftware/go-metrics/internal/proto/metrics.pb.go:162.41,164.34 2 0
github.com/dnsoftware/go-metrics/internal/proto/metrics.pb.go:164.34,166.4 1 0
github.com/dnsoftware/go-metrics/internal/proto/metrics.pb.go:167.3,167.12 1 0
github.com/dnsoftware/go-metrics/internal/proto/metrics.pb.go:169.2,169.24 1 0
github.com/dnsoftware/go-metrics/internal/proto/metrics.pb.go:173.58,175.2 1 0
github.com/dnsoftware/go-metrics/internal/proto/metrics.pb.go:177.54,178.14 1 0
github.com/dnsoftware/go-metrics/internal/proto/metrics.pb.go:178.14,180.3 1 0
github.com/dnsoftware/go-metrics/internal/proto/metrics.pb.go:181.2,181.11 1 0
github.com/dnsoftware/go-metrics/internal/proto/metrics.pb.go:184.54,185.14 1 0
github.com/dnsoftware/go-metrics/internal/proto/metrics.pb.go:185.14,187.3 1 0
github.com/dnsoftware/go-metrics/internal/proto/metrics.pb.go:188.2,188.11 1 0
github.com/dnsoftware/go-metrics/internal/proto/metrics.pb.go:191.55,192.14 1 0
github.com/dnsoftware/go-metrics/internal/proto/metrics.pb.go:192.14,194.3 1 0
github.com/dnsoftware/go-metrics/internal/proto/metrics.pb.go:195.2,195.11 1 0
github.com/dnsoftware/go-metrics/internal/proto/metrics.pb.go:206.40,208.29 2 0
github.com/dnsoftware/go-metrics/internal/proto/metrics.pb.go:208.29,212.3 3 0
github.com/dnsoftware/go-metrics/internal/proto/metrics.pb.go:215.48,217.2 1 0
github.com/dnsoftware/go-metrics/internal/proto/metrics.pb.go:219.46,219.47 0 0
github.com/dnsoftware/go-metrics/internal/proto/metrics.pb.go:221.68,223.41 2 0
github.com/dnsoftware/go-metrics/internal/proto/metrics.pb.go:223.41,225.34 2 0
github.com/dnsoftware/go-metrics/internal/proto/metrics.pb.go:225.34,227.4 1 0
github.com/dnsoftware/go-metrics/internal/proto/metrics.pb.go:228.3,228.12 1 0
github.com/dnsoftware/go-metrics/internal/proto/metrics.pb.go:230.2,230.24 1 0
github.com/dnsoftware/go-metrics/internal/proto/metrics.pb.go:234.59,236.2 1 0
github.com/dnsoftware/go-metrics/internal/proto/metrics.pb.go:238.50,239.14 1 0
github.com/dnsoftware/go-metrics/internal/proto/metrics.pb.go:239.14,241.3 1 0
github.com/dnsoftware/go-metrics/internal/proto/metrics.pb.go:242.2,242.11 1 0
github.com/dnsoftware/go-metrics/internal/proto/metrics.pb.go:257.39,259.29 2 0
github.com/dnsoftware/go-metrics/internal/proto/metrics.pb.go:259.29,263.3 3 0
github.com/dnsoftware/go-metrics/internal/proto/metrics.pb.go:266.47,268.2 1 0
github.com/dnsoftware/go-metrics/internal/proto/metrics.pb.go:270.45,270.46 0 0
github.com/dnsoftware/go-metrics/internal/proto/metrics.pb.go:272.67,274.41 2 0
github.com/dnsoftware/go-metrics/internal/proto/metrics.pb.go:274.41,276.34 2 0
github.com/dnsoftware/go-metrics/internal/proto/metrics.pb.go:276.34,278.4 1 0
github.com/dnsoftware/go-metrics/internal/proto/metrics.pb.go:279.3,279.12 1 0
github.com/dnsoftware/go-metrics/internal/proto/metrics.pb.go:281.2,281.24 1 0
github.com/dnsoftware/go-metrics/internal/proto/metrics.pb.go:285.58,287.2 1 0
github.com/dnsoftware/go-metrics/internal/proto/metrics.pb.go:289.46,290.14 1 0
github.com/dnsoftware/go-metrics/internal/proto/metrics.pb.go:290.14,292.3 1 0
github.com/dnsoftware/go-metrics/internal/proto/metrics.pb.go:293.2,293.11 1 0
github.com/dnsoftware/go-metrics/internal/proto/metrics.pb.go:296.49,297.14 1 0
github.com/dnsoftware/go-metrics/internal/proto/metrics.pb.go:297.14,299.3 1 0
github.com/dnsoftware/go-metrics/internal/proto/metrics.pb.go:300.2,300.11 1 0
github.com/dnsoftware/go-metrics/internal/proto/metrics.pb.go:303.48,304.14 1 0
github.com/dnsoftware/go-metrics/internal/proto/metrics.pb.go:304.14,306.3 1 0
github.com/dnsoftware/go-metrics/internal/proto/metrics.pb.go:307.2,307.10 1 0
github.com/dnsoftware/go-metrics/internal/proto/metrics.pb.go:310.50,311.14 1 0
github.com/dnsoftware/go-metrics/internal/proto/metrics.pb.go:311.14,313.3 1 0
github.com/dnsoftware/go-metrics/internal/proto/metrics.pb.go:314.2,314.10 1 0
github.com/dnsoftware/go-metrics/internal/proto/metrics.pb.go:329.40,331.29 2 0
github.com/dnsoftware/go-metrics/internal/proto/metrics.pb.go:331.29,335.3 3 0
github.com/dnsoftware/go-metrics/internal/proto/metrics.pb.go:338.48,340.2 1 0
github.com/dnsoftware/go-metrics/internal/proto/metrics.pb.go:342.46,342.47 0 0
github.com/dnsoftware/go-metrics/internal/proto/metrics.pb.go:344.68,346.41 2 0
github.com/dnsoftware/go-metrics/internal/proto/metrics.pb.go:346.41,348.34 2 0
github.com/dnsoftware/go-metrics/internal/proto/metrics.pb.go:348.34,350.4 1 0
github.com/dnsoftware/go-metrics/internal/proto/metrics.pb.go:351.3,351.12 1 0
github.com/dnsoftware/go-metrics/internal/proto/metrics.pb.go:353.2,353.24 1 0
github.com/dnsoftware/go-metrics/internal/proto/metrics.pb.go:357.59,359.2 1 0
github.com/dnsoftware/go-metrics/internal/proto/metrics.pb.go:361.47,362.14 1 0
github.com/dnsoftware/go-metrics/internal/proto/metrics.pb.go:362.14,364.3 1 0
github.com/dnsoftware/go-metrics/internal/proto/metrics.pb.go:365.2,365.11 1 0
github.com/dnsoftware/go-metrics/internal/proto/metrics.pb.go:368.50,369.14 1 0
github.com/dnsoftware/go-metrics/internal/proto/metrics.pb.go:369.14,371.3 1 0
github.com/dnsoftware/go-metrics/internal/proto/metrics.pb.go:372.2,372.11 1 0
github.com/dnsoftware/go-metrics/internal/proto/metrics.pb.go:375.49,376.14 1 0
github.com/dnsoftware/go-metrics/internal/proto/metrics.pb.go:376.14,378.3 1 0
github.com/dnsoftware/go-metrics/internal/proto/metrics.pb.go:379.2,379.10 1 0
github.com/dnsoftware/go-metrics/internal/proto/metrics.pb.go:382.51,383.14 1 0
github.com/dnsoftware/go-metrics/internal/proto/metrics.pb.go:383.14,385.3 1 0
github.com/dnsoftware/go-metrics/internal/proto/metrics.pb.go:386.2,386.10 1 0
github.com/dnsoftware/go-metrics/internal/proto/metrics.pb.go:389.50,390.14 1 0
github.com/dnsoftware/go-metrics/internal/proto/metrics.pb.go:390.14,392.3 1 0
github.com/dnsoftware/go-metrics/internal/proto/metrics.pb.go:393.2,393.11 1 0
github.com/dnsoftware/go-metrics/internal/proto/metrics.pb.go:408.42,410.29 2 0
github.com/dnsoftware/go-metrics/internal/proto/metrics.pb.go:410.29,414.3 3 0
github.com/dnsoftware/go-metrics/internal/proto/metrics.pb.go:417.50,419.2 1 0
github.com/dnsoftware/go-metrics/internal/proto/metrics.pb.go:421.48,421.49 0 0
github.com/dnsoftware/go-metrics/internal/proto/metrics.pb.go:423.70,425.41 2 0
github.com/dnsoftware/go-metrics/internal/proto/metrics.pb.go:425.41,427.34 2 0
github.com/dnsoftware/go-metrics/internal/proto/metrics.pb.go:427.34,429.4 1 0
github.com/dnsoftware/go-metrics/internal/proto/metrics.pb.go:430.3,430.12 1 0
github.com/dnsoftware/go-metrics/internal/proto/metrics.pb.go:432.2,432.24 1 0
github.com/dnsoftware/go-metrics/internal/proto/metrics.pb.go:436.61,438.2 1 0
github.com/dnsoftware/go-metrics/internal/proto/metrics.pb.go:440.49,441.14 1 0
github.com/dnsoftware/go-metrics/internal/proto/metrics.pb.go:441.14,443.3 1 0
github.com/dnsoftware/go-metrics/internal/proto/metrics.pb.go:444.2,444.11 1 0
github.com/dnsoftware/go-metrics/internal/proto/metrics.pb.go:447.52,448.14 1 0
github.com/dnsoftware/go-metrics/internal/proto/metrics.pb.go:448.14,450.3 1 0
github.com/dnsoftware/go-metrics/internal/proto/metrics.pb.go:451.2,451.11 1 0
github.com/dnsoftware/go-metrics/internal/proto/metrics.pb.go:454.51,455.14 1 0
github.com/dnsoftware/go-metrics/internal/proto/metrics.pb.go:455.14,457.3 1 0
github.com/dnsoftware/go-metrics/internal/proto/metrics.pb.go:458.2,458.10 1 0
github.com/dnsoftware/go-metrics/internal/proto/metrics.pb.go:461.53,462.14 1 0
github.com/dnsoftware/go-metrics/internal/proto/metrics.pb.go:462.14,464.3 1 0
github.com/dnsoftware/go-metrics/internal/proto/metrics.pb.go:465.2,465.10 1 0
github.com/dnsoftware/go-metrics/internal/proto/metrics.pb.go:476.43,478.29 2 0
github.com/dnsoftware/go-metrics/internal/proto/metrics.pb.go:478.29,482.3 3 0
github.com/dnsoftware/go-metrics/internal/proto/metrics.pb.go:485.51,487.2 1 0
github.com/dnsoftware/go-metrics/internal/proto/metrics.pb.go:489.49,489.50 0 0
github.com/dnsoftware/go-metrics/internal/proto/metrics.pb.go:491.71,493.41 2 0
github.com/dnsoftware/go-metrics/internal/proto/metrics.pb.go:493.41,495.34 2 0
github.com/dnsoftware/go-metrics/internal/proto/metrics.pb.go:495.34,497.4 1 0
github.com/dnsoftware/go-metrics/internal/proto/metrics.pb.go:498.3,498.12 1 0
github.com/dnsoftware/go-metrics/internal/proto/metrics.pb.go:500.2,500.24 1 0
github.com/dnsoftware/go-metrics/internal/proto/metrics.pb.go:504.62,506.2 1 0
github.com/dnsoftware/go-metrics/internal/proto/metrics.pb.go:508.53,509.14 1 0
github.com/dnsoftware/go-metrics/internal/proto/metrics.pb.go:509.14,511.3 1 0
github.com/dnsoftware/go-metrics/internal/proto/metrics.pb.go:512.2,512.11 1 0
github.com/dnsoftware/go-metrics/internal/proto/metrics.pb.go:524.44,526.29 2 0
github.com/dnsoftware/go-metrics/internal/proto/metrics.pb.go:526.29,530.3 3 0
github.com/dnsoftware/go-metrics/internal/proto/metrics.pb.go:533.52,535.2 1 0
github.com/dnsoftware/go-metrics/internal/proto/metrics.pb.go:537.50,537.51 0 0
github.com/dnsoftware/go-metrics/internal/proto/metrics.pb.go:539.72,541.41 2 0
github.com/dnsoftware/go-metrics/internal/proto/metrics.pb.go:541.41,543.34 2 0
github.com/dnsoftware/go-metrics/internal/proto/metrics.pb.go:543.34,545.4 1 0
github.com/dnsoftware/go-metrics/internal/proto/metrics.pb.go:546.3,546.12 1 0
github.com/dnsoftware/go-metrics/internal/proto/metrics.pb.go:548.2,548.24 1 0
github.com/dnsoftware/go-metrics/internal/proto/metrics.pb.go:552.63,554.2 1 0
github.com/dnsoftware/go-metrics/internal/proto/metrics.pb.go:556.75,557.14 1 0
github.com/dnsoftware/go-metrics/internal/proto/metrics.pb.go:557.14,559.3 1 0
github.com/dnsoftware/go-metrics/internal/proto/metrics.pb.go:560.2,560.12 1 0
github.com/dnsoftware/go-metrics/internal/proto/metrics.pb.go:571.45,573.29 2 0
github.com/dnsoftware/go-metrics/internal/proto/metrics.pb.go:573.29,577.3 3 0
github.com/dnsoftware/go-metrics/internal/proto/metrics.pb.go:580.53,582.2 1 0
github.com/dnsoftware/go-metrics/internal/proto/metrics.pb.go:584.51,584.52 0 0
github.com/dnsoftware/go-metrics/internal/proto/metrics.pb.go:586.73,588.41 2 0
github.com/dnsoftware/go-metrics/internal/proto/metrics.pb.go:588.41,590.34 2 0
github.com/dnsoftware/go-metrics/internal/proto/metrics.pb.go:590.34,592.4 1 0
github.com/dnsoftware/go-metrics/internal/proto/metrics.pb.go:593.3,593.12 1 0
github.com/dnsoftware/go-metrics/internal/proto/metrics.pb.go:595.2,595.24 1 0
github.com/dnsoftware/go-metrics/internal/proto/metrics.pb.go:599.64,601.2 1 0
github.com/dnsoftware/go-metrics/internal/proto/metrics.pb.go:603.55,604.14 1 0
github.com/dnsoftware/go-metrics/internal/proto/metrics.pb.go:604.14,606.3 1 0
github.com/dnsoftware/go-metrics/internal/proto/metrics.pb.go:607.2,607.11 1 0
github.com/dnsoftware/go-metrics/internal/proto/metrics.pb.go:617.40,619.29 2 0
github.com/dnsoftware/go-metrics/internal/proto/metrics.pb.go:619.29,623.3 3 0
github.com/dnsoftware/go-metrics/internal/proto/metrics.pb.go:626.48,628.2 1 0
github.com/dnsoftware/go-metrics/internal/proto/metrics.pb.go:630.46,630.47 0 0
github.com/dnsoftware/go-metrics/internal/proto/metrics.pb.go:632.68,634.41 2 0
github.com/dnsoftware/go-metrics/internal/proto/metrics.pb.go:634.41,636.34 2 0
github.com/dnsoftware/go-metrics/internal/proto/metrics.pb.go:636.34,638.4 1 0
github.com/dnsoftware/go-metrics/internal/proto/metrics.pb.go:639.3,639.12 1 0
github.com/dnsoftware/go-metrics/internal/proto/metrics.pb.go:641.2,641.24 1 0
github.com/dnsoftware/go-metrics/internal/proto/metrics.pb.go:645.59,647.2 1 0
github.com/dnsoftware/go-metrics/internal/proto/metrics.pb.go:657.41,659.29 2 0
github.com/dnsoftware/go-metrics/internal/proto/metrics.pb.go:659.29,663.3 3 0
github.com/dnsoftware/go-metrics/internal/proto/metrics.pb.go:666.49,668.2 1 0
github.com/dnsoftware/go-metrics/internal/proto/metrics.pb.go:670.47,670.48 0 0
github.com/dnsoftware/go-metrics/internal/proto/metrics.pb.go:672.69,674.41 2 0
github.com/dnsoftware/go-metrics/internal/proto/metrics.pb.go:674.41,676.34 2 0
github.com/dnsoftware/go-metrics/internal/proto/metrics.pb.go:676.34,678.4 1 0
github.com/dnsoftware/go-metrics/internal/proto/metrics.pb.go:679.3,679.12 1 0
github.com/dnsoftware/go-metrics/internal/proto/metrics.pb.go:681.2,681.24 1 0
github.com/dnsoftware/go-metrics/internal/proto/metrics.pb.go:685.60,687.2 1 0
github.com/dnsoftware/go-metrics/internal/proto/metrics.pb.go:689.70,690.14 1 0
github.com/dnsoftware/go-metrics/internal/proto/metrics.pb.go:690.14,692.3 1 0
github.com/dnsoftware/go-metrics/internal/proto/metrics.pb.go:693.2,693.12 1 0
github.com/dnsoftware/go-metrics/internal/proto/metrics.pb.go:806.61,807.58 1 0
github.com/dnsoftware/go-metrics/internal/proto/metrics.pb.go:807.58,809.3 1 0
github.com/dnsoftware/go-metrics/internal/proto/metrics.pb.go:810.2,810.54 1 0
github.com/dnsoftware/go-metrics/internal/proto/metrics.pb.go:852.13,852.57 1 1
github.com/dnsoftware/go-metrics/internal/proto/metrics.pb.go:853.47,854.46 1 1
github.com/dnsoftware/go-metrics/internal/proto/metrics.pb.go:854.46,856.3 1 0
github.com/dnsoftware/go-metrics/internal/proto/metrics.pb.go:857.2,857.30 1 1
github.com/dnsoftware/go-metrics/internal/proto/metrics.pb.go:857.30,858.99 1 0
github.com/dnsoftware/go-metrics/internal/proto/metrics.pb.go:858.99,859.41 1 0
github.com/dnsoftware/go-metrics/internal/proto/metrics.pb.go:860.11,861.20 1 0
github.com/dnsoftware/go-metrics/internal/proto/metrics.pb.go:862.11,863.24 1 0
github.com/dnsoftware/go-metrics/internal/proto/metrics.pb.go:864.11,865.28 1 0
github.com/dnsoftware/go-metrics/internal/proto/metrics.pb.go:866.12,867.15 1 0
github.com/dnsoftware/go-metrics/internal/proto/metrics.pb.go:870.3,870.99 1 0
github.com/dnsoftware/go-metrics/internal/proto/metrics.pb.go:870.99,871.42 1 0
github.com/dnsoftware/go-metrics/internal/proto/metrics.pb.go:872.11,873.20 1 0
github.com/dnsoftware/go-metrics/internal/proto/metrics.pb.go:874.11,875.24 1 0
github.com/dnsoftware/go-metrics/internal/proto/metrics.pb.go:876.11,877.28 1 0
github.com/dnsoftware/go-metrics/internal/proto/metrics.pb.go:878.12,879.15 1 0
github.com/dnsoftware/go-metrics/internal/proto/metrics.pb.go:882.3,882.99 1 0
github.com/dnsoftware/go-metrics/internal/proto/metrics.pb.go:882.99,883.44 1 0
github.com/dnsoftware/go-metrics/internal/proto/metrics.pb.go:884.11,885.20 1 0
github.com/dnsoftware/go-metrics/internal/proto/metrics.pb.go:886.11,887.24 1 0
github.com/dnsoftware/go-metrics/internal/proto/metrics.pb.go:888.11,889.28 1 0
github.com/dnsoftware/go-metrics/internal/proto/metrics.pb.go:890.12,891.15 1 0
github.com/dnsoftware/go-metrics/internal/proto/metrics.pb.go:894.3,894.99 1 0
github.com/dnsoftware/go-metrics/internal/proto/metrics.pb.go:894.99,895.45 1 0
github.com/dnsoftware/go-metrics/internal/proto/metrics.pb.go:896.11,897.20 1 0
github.com/dnsoftware/go-metrics/internal/proto/metrics.pb.go:898.11,899.24 1 0
github.com/dnsoftware/go-metrics/internal/proto/metrics.pb.go:900.11,901.28 1 0
github.com/dnsoftware/go-metrics/internal/proto/metrics.pb.go:902.12,903.15 1 0
github.com/dnsoftware/go-metrics/internal/proto/metrics.pb.go:906.3,906.99 1 0
github.com/dnsoftware/go-metrics/internal/proto/metrics.pb.go:906.99,907.44 1 0
github.com/dnsoftware/go-metrics/internal/proto/metrics.pb.go:908.11,909.20 1 0
github.com/dnsoftware/go-metrics/internal/proto/metrics.pb.go:910.11,911.24 1 0
github.com/dnsoftware/go-metrics/internal/proto/metrics.pb.go:912.11,913.28 1 0
github.com/dnsoftware/go-metrics/internal/proto/metrics.pb.go:914.12,915.15 1 0
github.com/dnsoftware/go-metrics/internal/proto/metrics.pb.go:918.3,918.99 1 0
github.com/dnsoftware/go-metrics/internal/proto/metrics.pb.go:918.99,919.45 1 0
github.com/dnsoftware/go-metrics/internal/proto/metrics.pb.go:920.11,921.20 1 0
github.com/dnsoftware/go-metrics/internal/proto/metrics.pb.go:922.11,923.24 1 0
github.com/dnsoftware/go-metrics/internal/proto/metrics.pb.go:924.11,925.28 1 0
github.com/dnsoftware/go-metrics/internal/proto/metrics.pb.go:926.12,927.15 1 0
github.com/dnsoftware/go-metrics/internal/proto/metrics.pb.go:930.3,930.99 1 0
github.com/dnsoftware/go-metrics/internal/proto/metrics.pb.go:930.99,931.47 1 0
github.com/dnsoftware/go-metrics/internal/proto/metrics.pb.go:932.11,933.20 1 0
github.com/dnsoftware/go-metrics/internal/proto/metrics.pb.go:934.11,935.24 1 0
github.com/dnsoftware/go-metrics/internal/proto/metrics.pb.go:936.11,937.28 1 0
github.com/dnsoftware/go-metrics/internal/proto/metrics.pb.go:938.12,939.15 1 0
github.com/dnsoftware/go-metrics/internal/proto/metrics.pb.go:942.3,942.99 1 0
github.com/dnsoftware/go-metrics/internal/proto/metrics.pb.go:942.99,943.48 1 0
github.com/dnsoftware/go-metrics/internal/proto/metrics.pb.go:944.11,945.20 1 0
github.com/dnsoftware/go-metrics/internal/proto/metrics.pb.go:946.11,947.24 1 0
github.com/dnsoftware/go-metrics/internal/proto/metrics.pb.go:948.11,949.28 1 0
github.com/dnsoftware/go-metrics/internal/proto/metrics.pb.go:950.12,951.15 1 0
github.com/dnsoftware/go-metrics/internal/proto/metrics.pb.go:954.3,954.99 1 0
github.com/dnsoftware/go-metrics/internal/proto/metrics.pb.go:954.99,955.49 1 0
github.com/dnsoftware/go-metrics/internal/proto/metrics.pb.go:956.11,957.20 1 0
github.com/dnsoftware/go-metrics/internal/proto/metrics.pb.go:958.11,959.24 1 0
github.com/dnsoftware/go-metrics/internal/proto/metrics.pb.go:960.11,961.28 1 0
github.com/dnsoftware/go-metrics/internal/proto/metrics.pb.go:962.12,963.15 1 0
github.com/dnsoftware/go-metrics/internal/proto/metrics.pb.go:966.3,966.99 1 0
github.com/dnsoftware/go-metrics/internal/proto/metrics.pb.go:966.99,967.50 1 0
github.com/dnsoftware/go-metrics/internal/proto/metrics.pb.go:968.11,969.20 1 0
github.com/dnsoftware/go-metrics/internal/proto/metrics.pb.go:970.11,971.24 1 0
github.com/dnsoftware/go-metrics/internal/proto/metrics.pb.go:972.11,973.28 1 0
github.com/dnsoftware/go-metrics/internal/proto/metrics.pb.go:974.12,975.15 1 0
github.com/dnsoftware/go-metrics/internal/proto/metrics.pb.go:978.3,978.100 1 0
github.com/dnsoftware/go-metrics/internal/proto/metrics.pb.go:978.100,979.45 1 0
github.com/dnsoftware/go-metrics/internal/proto/metrics.pb.go:980.11,981.20 1 0
github.com/dnsoftware/go-metrics/internal/proto/metrics.pb.go:982.11,983.24 1 0
github.com/dnsoftware/go-metrics/internal/proto/metrics.pb.go:984.11,985.28 1 0
github.com/dnsoftware/go-metrics/internal/proto/metrics.pb.go:986.12,987.15 1 0
github.com/dnsoftware/go-metrics/internal/proto/metrics.pb.go:990.3,990.100 1 0
github.com/dnsoftware/go-metrics/internal/proto/metrics.pb.go:990.100,991.46 1 0
github.com/dnsoftware/go-metrics/internal/proto/metrics.pb.go:992.11,993.20 1 0
github.com/dnsoftware/go-metrics/internal/proto/metrics.pb.go:994.11,995.24 1 0
github.com/dnsoftware/go-metrics/internal/proto/metrics.pb.go:996.11,997.28 1 0
github.com/dnsoftware/go-metrics/internal/proto/metrics.pb.go:998.12,999.15 1 0
github.com/dnsoftware/go-metrics/internal/proto/metrics.pb.go:1003.2,1020.49 6 1
github.com/dnsoftware/go-metrics/internal/proto/metrics_grpc.pb.go:48.66,50.2 1 0
github.com/dnsoftware/go-metrics/internal/proto/metrics_grpc.pb.go:52.136,55.16 3 0
github.com/dnsoftware/go-metrics/internal/proto/metrics_grpc.pb.go:55.16,57.3 1 0
github.com/dnsoftware/go-metrics/internal/proto/metrics_grpc.pb.go:58.2,58.17 1 0
github.com/dnsoftware/go-metrics/internal/proto/metrics_grpc.pb.go:61.140,64.16 3 0
github.com/dnsoftware/go-metrics/internal/proto/metrics_grpc.pb.go:64.16,66.3 1 0
github.com/dnsoftware/go-metrics/internal/proto/metrics_grpc.pb.go:67.2,67.17 1 0
github.com/dnsoftware/go-metrics/internal/proto/metrics_grpc.pb.go:70.140,73.16 3 0
github.com/dnsoftware/go-metrics/internal/proto/metrics_grpc.pb.go:73.16,75.3 1 0
github.com/dnsoftware/go-metrics/internal/proto/metrics_grpc.pb.go:76.2,76.17 1 0
github.com/dnsoftware/go-metrics/internal/proto/metrics_grpc.pb.go:79.149,82.16 3 0
github.com/dnsoftware/go-metrics/internal/proto/metrics_grpc.pb.go:82.16,84.3 1 0
github.com/dnsoftware/go-metrics/internal/proto/metrics_grpc.pb.go:85.2,85.17 1 0
github.com/dnsoftware/go-metrics/internal/proto/metrics_grpc.pb.go:88.143,91.16 3 0
github.com/dnsoftware/go-metrics/internal/proto/metrics_grpc.pb.go:91.16,93.3 1 0
github.com/dnsoftware/go-metrics/internal/proto/metrics_grpc.pb.go:94.2,94.17 1 0
github.com/dnsoftware/go-metrics/internal/proto/metrics_grpc.pb.go:97.156,100.16 3 0
github.com/dnsoftware/go-metrics/internal/proto/metrics_grpc.pb.go:100.16,102.3 1 0
github.com/dnsoftware/go-metrics/internal/proto/metrics_grpc.pb.go:103.2,103.17 1 0
github.com/dnsoftware/go-metrics/internal/proto/metrics_grpc.pb.go:106.134,108.16 2 0
github.com/dnsoftware/go-metrics/internal/proto/metrics_grpc.pb.go:108.16,110.3 1 0
github.com/dnsoftware/go-metrics/internal/proto/metrics_grpc.pb.go:111.2,112.15 2 0
github.com/dnsoftware/go-metrics/internal/proto/metrics_grpc.pb.go:125.82,127.2 1 0
github.com/dnsoftware/go-metrics/internal/proto/metrics_grpc.pb.go:129.85,131.50 2 0
github.com/dnsoftware/go-metrics/internal/proto/metrics_grpc.pb.go:131.50,133.3 1 0
github.com/dnsoftware/go-metrics/internal/proto/metrics_grpc.pb.go:134.2,134.15 1 0
github.com/dnsoftware/go-metrics/internal/proto/metrics_grpc.pb.go:155.114,157.2 1 0
github.com/dnsoftware/go-metrics/internal/proto/metrics_grpc.pb.go:158.118,160.2 1 0
github.com/dnsoftware/go-metrics/internal/proto/metrics_grpc.pb.go:161.118,163.2 1 0
github.com/dnsoftware/go-metrics/internal/proto/metrics_grpc.pb.go:164.127,166.2 1 0
github.com/dnsoftware/go-metrics/internal/proto/metrics_grpc.pb.go:167.121,169.2 1 0
github.com/dnsoftware/go-metrics/internal/proto/metrics_grpc.pb.go:170.134,172.2 1 0
github.com/dnsoftware/go-metrics/internal/proto/metrics_grpc.pb.go:173.96,175.2 1 0
github.com/dnsoftware/go-metrics/internal/proto/metrics_grpc.pb.go:176.74,176.75 0 0
github.com/dnsoftware/go-metrics/internal/proto/metrics_grpc.pb.go:185.72,187.2 1 0
github.com/dnsoftware/go-metrics/internal/proto/metrics_grpc.pb.go:189.167,191.32 2 0
github.com/dnsoftware/go-metrics/internal/proto/metrics_grpc.pb.go:191.32,193.3 1 0
github.com/dnsoftware/go-metrics/internal/proto/metrics_grpc.pb.go:194.2,194.24 1 0
github.com/dnsoftware/go-metrics/internal/proto/metrics_grpc.pb.go:194.24,196.3 1 0
github.com/dnsoftware/go-metrics/internal/proto/metrics_grpc.pb.go:197.2,201.77 2 0
github.com/dnsoftware/go-metrics/internal/proto/metrics_grpc.pb.go:201.77,203.3 1 0
github.com/dnsoftware/go-metrics/internal/proto/metrics_grpc.pb.go:204.2,204.44 1 0
github.com/dnsoftware/go-metrics/internal/proto/metrics_grpc.pb.go:207.165,209.32 2 0
github.com/dnsoftware/go-metrics/internal/proto/metrics_grpc.pb.go:209.32,211.3 1 0
github.com/dnsoftware/go-metrics/internal/proto/metrics_grpc.pb.go:212.2,212.24 1 0
github.com/dnsoftware/go-metrics/internal/proto/metrics_grpc.pb.go:212.24,214.3 1 0
github.com/dnsoftware/go-metrics/internal/proto/metrics_grpc.pb.go:215.2,219.77 2 0
github.com/dnsoftware/go-metrics/internal/proto/metrics_grpc.pb.go:219.77,221.3 1 0
github.com/dnsoftware/go-metrics/internal/proto/metrics_grpc.pb.go:222.2,222.44 1 0
github.com/dnsoftware/go-metrics/internal/proto/metrics_grpc.pb.go:225.165,227.32 2 0
github.com/dnsoftware/go-metrics/internal/proto/metrics_grpc.pb.go:227.32,229.3 1 0
github.com/dnsoftware/go-metrics/internal/proto/metrics_grpc.pb.go:230.2,230.24 1 0
github.com/dnsoftware/go-metrics/internal/proto/metrics_grpc.pb.go:230.24,232.3 1 0
github.com/dnsoftware/go-metrics/internal/proto/metrics_grpc.pb.go:233.2,237.77 2 0
github.com/dnsoftware/go-metrics/internal/proto/metrics_grpc.pb.go:237.77,239.3 1 0
github.com/dnsoftware/go-metrics/internal/proto/metrics_grpc.pb.go:240.2,240.44 1 0
github.com/dnsoftware/go-metrics/internal/proto/metrics_grpc.pb.go:243.168,245.32 2 0
github.com/dnsoftware/go-metrics/internal/proto/metrics_grpc.pb.go:245.32,247.3 1 0
github.com/dnsoftware/go-metrics/internal/proto/metrics_grpc.pb.go:248.2,248.24 1 0
github.com/dnsoftware/go-metrics/internal/proto/metrics_grpc.pb.go:248.24,250.3 1 0
github.com/dnsoftware/go-metrics/internal/proto/metrics_grpc.pb.go:251.2,255.77 2 0
github.com/dnsoftware/go-metrics/internal/proto/metrics_grpc.pb.go:255.77,257.3 1 0
github.com/dnsoftware/go-metrics/internal/proto/metrics_grpc.pb.go:258.2,258.44 1 0
github.com/dnsoftware/go-metrics/internal/proto/metrics_grpc.pb.go:261.166,263.32 2 0
github.com/dnsoftware/go-metrics/internal/proto/metrics_grpc.pb.go:263.32,265.3 1 0
github.com/dnsoftware/go-metrics/internal/proto/metrics_grpc.pb.go:266.2,266.24 1 0
github.com/dnsoftware/go-metrics/internal/proto/metrics_grpc.pb.go:266.24,268.3 1 0
github.com/dnsoftware/go-metrics/internal/proto/metrics_grpc.pb.go:269.2,273.77 2 0
github.com/dnsoftware/go-metrics/internal/proto/metrics_grpc.pb.go:273.77,275.3 1 0
github.com/dnsoftware/go-metrics/internal/proto/metrics_grpc.pb.go:276.2,276.44 1 0
github.com/dnsoftware/go-metrics/internal/proto/metrics_grpc.pb.go:279.171,281.32 2 0
github.com/dnsoftware/go-metrics/internal/proto/metrics_grpc.pb.go:281.32,283.3 1 0
github.com/dnsoftware/go-metrics/internal/proto/metrics_grpc.pb.go:284.2,284.24 1 0
github.com/dnsoftware/go-metrics/internal/proto/metrics_grpc.pb.go:284.24,286.3 1 0
github.com/dnsoftware/go-metrics/internal/proto/metrics_grpc.pb.go:287.2,291.77 2 0
github.com/dnsoftware/go-metrics/internal/proto/metrics_grpc.pb.go:291.77,293.3 1 0
github.com/dnsoftware/go-metrics/internal/proto/metrics_grpc.pb.go:294.2,294.44 1 0
github.com/dnsoftware/go-metrics/internal/proto/metrics_grpc.pb.go:297.92,299.2 1 0
github.com/dnsoftware/go-metrics/internal/proto/metrics_grpc.pb.go:311.83,313.2 1 0
github.com/dnsoftware/go-metrics/internal/proto/metrics_grpc.pb.go:315.84,317.50 2 0
github.com/dnsoftware/go-metrics/internal/proto/metrics_grpc.pb.go:317.50,319.3 1 0
github.com/dnsoftware/go-metrics/internal/proto/metrics_grpc.pb.go:320.2,320.15 1 0
github.com/dnsoftware/go-metrics/internal/agent/domain/mocks/mock_metrics.go:17.106,19.2 1 0
github.com/dnsoftware/go-metrics/internal/agent/domain/mocks/mock_metrics.go:20.87,22.2 1 0
github.com/dnsoftware/go-metrics/internal/agent/infrastructure/grpc_client_interceptors.go:15.33,26.2 5 0
github.com/dnsoftware/go-metrics/internal/agent/infrastructure/grpc_client_interceptors.go:30.33,40.2 4 1
github.com/dnsoftware/go-metrics/internal/agent/infrastructure/grpc_client_interceptors.go:43.65,47.34 1 0
github.com/dnsoftware/go-metrics/internal/agent/infrastructure/grpc_client_interceptors.go:47.34,60.3 6 0
github.com/dnsoftware/go-metrics/internal/agent/infrastructure/grpcapi.go:36.76,40.25 2 1
github.com/dnsoftware/go-metrics/internal/agent/infrastructure/grpcapi.go:40.25,42.17 2 0
github.com/dnsoftware/go-metrics/internal/agent/infrastructure/grpcapi.go:42.17,44.4 1 0
github.com/dnsoftware/go-metrics/internal/agent/infrastructure/grpcapi.go:45.3,45.60 1 0
github.com/dnsoftware/go-metrics/internal/agent/infrastructure/grpcapi.go:46.8,48.3 1 1
github.com/dnsoftware/go-metrics/internal/agent/infrastructure/grpcapi.go:51.2,57.29 3 1
github.com/dnsoftware/go-metrics/internal/agent/infrastructure/grpcapi.go:57.29,59.3 1 0
github.com/dnsoftware/go-metrics/internal/agent/infrastructure/grpcapi.go:61.2,66.8 1 1
github.com/dnsoftware/go-metrics/internal/agent/infrastructure/grpcapi.go:70.99,73.16 2 1
github.com/dnsoftware/go-metrics/internal/agent/infrastructure/grpcapi.go:73.16,75.3 1 0
github.com/dnsoftware/go-metrics/internal/agent/infrastructure/grpcapi.go:76.2,84.15 4 1
github.com/dnsoftware/go-metrics/internal/agent/infrastructure/grpcapi.go:85.23,87.21 2 1
github.com/dnsoftware/go-metrics/internal/agent/infrastructure/grpcapi.go:88.25,90.21 2 0
github.com/dnsoftware/go-metrics/internal/agent/infrastructure/grpcapi.go:93.2,95.12 2 1
github.com/dnsoftware/go-metrics/internal/agent/infrastructure/grpcapi.go:99.76,102.16 2 1
github.com/dnsoftware/go-metrics/internal/agent/infrastructure/grpcapi.go:102.16,104.3 1 0
github.com/dnsoftware/go-metrics/internal/agent/infrastructure/grpcapi.go:105.2,112.28 6 1
github.com/dnsoftware/go-metrics/internal/agent/infrastructure/grpcapi.go:112.28,119.3 1 1
github.com/dnsoftware/go-metrics/internal/agent/infrastructure/grpcapi.go:121.2,123.12 2 1
github.com/dnsoftware/go-metrics/internal/agent/infrastructure/grpcapi.go:164.26,166.16 2 1
github.com/dnsoftware/go-metrics/internal/agent/infrastructure/grpcapi.go:166.16,168.3 1 0
github.com/dnsoftware/go-metrics/internal/agent/infrastructure/grpcapi.go:169.2,169.32 1 1
github.com/dnsoftware/go-metrics/internal/agent/infrastructure/grpcapi.go:169.32,171.70 1 1
github.com/dnsoftware/go-metrics/internal/agent/infrastructure/grpcapi.go:171.70,172.29 1 1
github.com/dnsoftware/go-metrics/internal/agent/infrastructure/grpcapi.go:172.29,174.5 1 1
github.com/dnsoftware/go-metrics/internal/agent/infrastructure/grpcapi.go:177.2,177.11 1 0
github.com/dnsoftware/go-metrics/internal/agent/infrastructure/retry.go:14.42,19.16 4 1
github.com/dnsoftware/go-metrics/internal/agent/infrastructure/retry.go:19.16,20.38 1 0
github.com/dnsoftware/go-metrics/internal/agent/infrastructure/retry.go:20.38,25.23 4 0
github.com/dnsoftware/go-metrics/internal/agent/infrastructure/retry.go:25.23,28.5 2 0
github.com/dnsoftware/go-metrics/internal/agent/infrastructure/retry.go:31.3,31.13 1 0
github.com/dnsoftware/go-metrics/internal/agent/infrastructure/retry.go:34.2,36.12 2 1
github.com/dnsoftware/go-metrics/internal/agent/infrastructure/webapi.go:45.106,54.2 1 1
github.com/dnsoftware/go-metrics/internal/agent/infrastructure/webapi.go:57.98,58.23 1 1
github.com/dnsoftware/go-metrics/internal/agent/infrastructure/webapi.go:59.47,60.46 1 0
github.com/dnsoftware/go-metrics/internal/agent/infrastructure/webapi.go:61.33,62.45 1 1
github.com/dnsoftware/go-metrics/internal/agent/infrastructure/webapi.go:65.2,65.49 1 0
github.com/dnsoftware/go-metrics/internal/agent/infrastructure/webapi.go:69.75,73.16 3 1
github.com/dnsoftware/go-metrics/internal/agent/infrastructure/webapi.go:73.16,76.3 2 0
github.com/dnsoftware/go-metrics/internal/agent/infrastructure/webapi.go:78.2,83.12 4 1
github.com/dnsoftware/go-metrics/internal/agent/infrastructure/webapi.go:87.99,91.16 3 1
github.com/dnsoftware/go-metrics/internal/agent/infrastructure/webapi.go:91.16,95.3 2 0
github.com/dnsoftware/go-metrics/internal/agent/infrastructure/webapi.go:97.2,102.16 4 1
github.com/dnsoftware/go-metrics/internal/agent/infrastructure/webapi.go:102.16,104.3 1 0
github.com/dnsoftware/go-metrics/internal/agent/infrastructure/webapi.go:106.2,108.12 2 1
github.com/dnsoftware/go-metrics/internal/agent/infrastructure/webapi.go:112.98,120.15 3 1
github.com/dnsoftware/go-metrics/internal/agent/infrastructure/webapi.go:121.23,123.18 2 1
github.com/dnsoftware/go-metrics/internal/agent/infrastructure/webapi.go:124.25,126.18 2 0
github.com/dnsoftware/go-metrics/internal/agent/infrastructure/webapi.go:129.2,130.16 2 1
github.com/dnsoftware/go-metrics/internal/agent/infrastructure/webapi.go:130.16,132.3 1 0
github.com/dnsoftware/go-metrics/internal/agent/infrastructure/webapi.go:134.2,135.16 2 1
github.com/dnsoftware/go-metrics/internal/agent/infrastructure/webapi.go:135.16,139.3 2 0
github.com/dnsoftware/go-metrics/internal/agent/infrastructure/webapi.go:141.2,147.16 5 1
github.com/dnsoftware/go-metrics/internal/agent/infrastructure/webapi.go:147.16,149.3 1 0
github.com/dnsoftware/go-metrics/internal/agent/infrastructure/webapi.go:150.2,152.12 2 1
github.com/dnsoftware/go-metrics/internal/agent/infrastructure/webapi.go:157.56,163.16 4 1
github.com/dnsoftware/go-metrics/internal/agent/infrastructure/webapi.go:163.16,165.3 1 0
github.com/dnsoftware/go-metrics/internal/agent/infrastructure/webapi.go:167.2,169.17 2 1
github.com/dnsoftware/go-metrics/internal/agent/infrastructure/webapi.go:172.44,177.2 3 1
github.com/dnsoftware/go-metrics/internal/agent/infrastructure/webapi.go:179.143,184.22 3 1
github.com/dnsoftware/go-metrics/internal/agent/infrastructure/webapi.go:184.22,186.17 2 0
github.com/dnsoftware/go-metrics/internal/agent/infrastructure/webapi.go:186.17,189.4 2 0
github.com/dnsoftware/go-metrics/internal/agent/infrastructure/webapi.go:193.2,193.17 1 1
github.com/dnsoftware/go-metrics/internal/agent/infrastructure/webapi.go:193.17,195.17 2 1
github.com/dnsoftware/go-metrics/internal/agent/infrastructure/webapi.go:195.17,198.4 2 0
github.com/dnsoftware/go-metrics/internal/agent/infrastructure/webapi.go:201.2,202.16 2 1
github.com/dnsoftware/go-metrics/internal/agent/infrastructure/webapi.go:202.16,205.3 2 0
github.com/dnsoftware/go-metrics/internal/agent/infrastructure/webapi.go:207.2,208.21 2 1
github.com/dnsoftware/go-metrics/internal/agent/infrastructure/webapi.go:208.21,210.3 1 0
github.com/dnsoftware/go-metrics/internal/agent/infrastructure/webapi.go:213.2,213.22 1 1
github.com/dnsoftware/go-metrics/internal/agent/infrastructure/webapi.go:213.22,215.3 1 0
github.com/dnsoftware/go-metrics/internal/agent/infrastructure/webapi.go:217.2,217.21 1 1
github.com/dnsoftware/go-metrics/internal/logger/logger.go:24.20,25.17 1 1
github.com/dnsoftware/go-metrics/internal/logger/logger.go:25.17,29.17 3 1
github.com/dnsoftware/go-metrics/internal/logger/logger.go:29.17,31.4 1 0
github.com/dnsoftware/go-metrics/internal/logger/logger.go:34.2,34.22 1 1
github.com/dnsoftware/go-metrics/internal/logger/logger.go:38.77,49.16 6 1
github.com/dnsoftware/go-metrics/internal/logger/logger.go:49.16,51.3 1 0
github.com/dnsoftware/go-metrics/internal/logger/logger.go:54.2,70.15 7 1
github.com/dnsoftware/go-metrics/internal/proto/metrics.pb.go:34.36,36.29 2 0
github.com/dnsoftware/go-metrics/internal/proto/metrics.pb.go:36.29,40.3 3 0
github.com/dnsoftware/go-metrics/internal/proto/metrics.pb.go:43.44,45.2 1 0
github.com/dnsoftware/go-metrics/internal/proto/metrics.pb.go:47.42,47.43 0 0
github.com/dnsoftware/go-metrics/internal/proto/metrics.pb.go:49.64,51.41 2 0
github.com/dnsoftware/go-metrics/internal/proto/metrics.pb.go:51.41,53.34 2 0
github.com/dnsoftware/go-metrics/internal/proto/metrics.pb.go:53.34,55.4 1 0
github.com/dnsoftware/go-metrics/internal/proto/metrics.pb.go:56.3,56.12 1 0
github.com/dnsoftware/go-metrics/internal/proto/metrics.pb.go:58.2,58.24 1 0
github.com/dnsoftware/go-metrics/internal/proto/metrics.pb.go:62.55,64.2 1 0
github.com/dnsoftware/go-metrics/internal/proto/metrics.pb.go:66.51,67.14 1 0
github.com/dnsoftware/go-metrics/internal/proto/metrics.pb.go:67.14,69.3 1 0
github.com/dnsoftware/go-metrics/internal/proto/metrics.pb.go:70.2,70.11 1 0
github.com/dnsoftware/go-metrics/internal/proto/metrics.pb.go:73.51,74.14 1 0
github.com/dnsoftware/go-metrics/internal/proto/metrics.pb.go:74.14,76.3 1 0
github.com/dnsoftware/go-metrics/internal/proto/metrics.pb.go:77.2,77.11 1 0
github.com/dnsoftware/go-metrics/internal/proto/metrics.pb.go:89.37,91.29 2 0
github.com/dnsoftware/go-metrics/internal/proto/metrics.pb.go:91.29,95.3 3 0
github.com/dnsoftware/go-metrics/internal/proto/metrics.pb.go:98.45,100.2 1 0
github.com/dnsoftware/go-metrics/internal/proto/metrics.pb.go:102.43,102.44 0 0
github.com/dnsoftware/go-metrics/internal/proto/metrics.pb.go:104.65,106.41 2 0
github.com/dnsoftware/go-metrics/internal/proto/metrics.pb.go:106.41,108.34 2 0
github.com/dnsoftware/go-metrics/internal/proto/metrics.pb.go:108.34,110.4 1 0
github.com/dnsoftware/go-metrics/internal/proto/metrics.pb.go:111.3,111.12 1 0
github.com/dnsoftware/go-metrics/internal/proto/metrics.pb.go:113.2,113.24 1 0
github.com/dnsoftware/go-metrics/internal/proto/metrics.pb.go:117.56,119.2 1 0
github.com/dnsoftware/go-metrics/internal/proto/metrics.pb.go:121.53,122.14 1 0
github.com/dnsoftware/go-metrics/internal/proto/metrics.pb.go:122.14,124.3 1 0
github.com/dnsoftware/go-metrics/internal/proto/metrics.pb.go:125.2,125.11 1 0
github.com/dnsoftware/go-metrics/internal/proto/metrics.pb.go:128.47,129.14 1 0
github.com/dnsoftware/go-metrics/internal/proto/metrics.pb.go:129.14,131.3 1 0
github.com/dnsoftware/go-metrics/internal/proto/metrics.pb.go:132.2,132.11 1 0
github.com/dnsoftware/go-metrics/internal/proto/metrics.pb.go:145.39,147.29 2 0
github.com/dnsoftware/go-metrics/internal/proto/metrics.pb.go:147.29,151.3 3 0
github.com/dnsoftware/go-metrics/internal/proto/metrics.pb.go:154.47,156.2 1 0
github.com/dnsoftware/go-metrics/internal/proto/metrics.pb.go:158.45,158.46 0 0
github.com/dnsoftware/go-metrics/internal/proto/metrics.pb.go:160.67,162.41 2 0
github.com/dnsoftware/go-metrics/internal/proto/metrics.pb.go:162.41,164.34 2 0
github.com/dnsoftware/go-metrics/internal/proto/metrics.pb.go:164.34,166.4 1 0
github.com/dnsoftware/go-metrics/internal/proto/metrics.pb.go:167.3,167.12 1 0
github.com/dnsoftware/go-metrics/internal/proto/metrics.pb.go:169.2,169.24 1 0
github.com/dnsoftware/go-metrics/internal/proto/metrics.pb.go:173.58,175.2 1 0
github.com/dnsoftware/go-metrics/internal/proto/metrics.pb.go:177.54,178.14 1 0
github.com/dnsoftware/go-metrics/internal/proto/metrics.pb.go:178.14,180.3 1 0
github.com/dnsoftware/go-metrics/internal/proto/metrics.pb.go:181.2,181.11 1 0
github.com/dnsoftware/go-metrics/internal/proto/metrics.pb.go:184.54,185.14 1 0
github.com/dnsoftware/go-metrics/internal/proto/metrics.pb.go:185.14,187.3 1 0
github.com/dnsoftware/go-metrics/internal/proto/metrics.pb.go:188.2,188.11 1 0
github.com/dnsoftware/go-metrics/internal/proto/metrics.pb.go:191.55,192.14 1 0
github.com/dnsoftware/go-metrics/internal/proto/metrics.pb.go:192.14,194.3 1 0
github.com/dnsoftware/go-metrics/internal/proto/metrics.pb.go:195.2,195.11 1 0
github.com/dnsoftware/go-metrics/internal/proto/metrics.pb.go:206.40,208.29 2 0
github.com/dnsoftware/go-metrics/internal/proto/metrics.pb.go:208.29,212.3 3 0
github.com/dnsoftware/go-metrics/internal/proto/metrics.pb.go:215.48,217.2 1 0
github.com/dnsoftware/go-metrics/internal/proto/metrics.pb.go:219.46,219.47 0 0
github.com/dnsoftware/go-metrics/internal/proto/metrics.pb.go:221.68,223.41 2 0
github.com/dnsoftware/go-metrics/internal/proto/metrics.pb.go:223.41,225.34 2 0
github.com/dnsoftware/go-metrics/internal/proto/metrics.pb.go:225.34,227.4 1 0
github.com/dnsoftware/go-metrics/internal/proto/metrics.pb.go:228.3,228.12 1 0
github.com/dnsoftware/go-metrics/internal/proto/metrics.pb.go:230.2,230.24 1 0
github.com/dnsoftware/go-metrics/internal/proto/metrics.pb.go:234.59,236.2 1 0
github.com/dnsoftware/go-metrics/internal/proto/metrics.pb.go:238.50,239.14 1 0
github.com/dnsoftware/go-metrics/internal/proto/metrics.pb.go:239.14,241.3 1 0
github.com/dnsoftware/go-metrics/internal/proto/metrics.pb.go:242.2,242.11 1 0
github.com/dnsoftware/go-metrics/internal/proto/metrics.pb.go:257.39,259.29 2 0
github.com/dnsoftware/go-metrics/internal/proto/metrics.pb.go:259.29,263.3 3 0
github.com/dnsoftware/go-metrics/internal/proto/metrics.pb.go:266.47,268.2 1 0
github.com/dnsoftware/go-metrics/internal/proto/metrics.pb.go:270.45,270.46 0 0
github.com/dnsoftware/go-metrics/internal/proto/metrics.pb.go:272.67,274.41 2 0
github.com/dnsoftware/go-metrics/internal/proto/metrics.pb.go:274.41,276.34 2 0
github.com/dnsoftware/go-metrics/internal/proto/metrics.pb.go:276.34,278.4 1 0
github.com/dnsoftware/go-metrics/internal/proto/metrics.pb.go:279.3,279.12 1 0
github.com/dnsoftware/go-metrics/internal/proto/metrics.pb.go:281.2,281.24 1 0
github.com/dnsoftware/go-metrics/internal/proto/metrics.pb.go:285.58,287.2 1 0
github.com/dnsoftware/go-metrics/internal/proto/metrics.pb.go:289.46,290.14 1 0
github.com/dnsoftware/go-metrics/internal/proto/metrics.pb.go:290.14,292.3 1 0
github.com/dnsoftware/go-metrics/internal/proto/metrics.pb.go:293.2,293.11 1 0
github.com/dnsoftware/go-metrics/internal/proto/metrics.pb.go:296.49,297.14 1 0
github.com/dnsoftware/go-metrics/internal/proto/metrics.pb.go:297.14,299.3 1 0
github.com/dnsoftware/go-metrics/internal/proto/metrics.pb.go:300.2,300.11 1 0
github.com/dnsoftware/go-metrics/internal/proto/metrics.pb.go:303.48,304.14 1 0
github.com/dnsoftware/go-metrics/internal/proto/metrics.pb.go:304.14,306.3 1 0
github.com/dnsoftware/go-metrics/internal/proto/metrics.pb.go:307.2,307.10 1 0
github.com/dnsoftware/go-metrics/internal/proto/metrics.pb.go:310.50,311.14 1 0
github.com/dnsoftware/go-metrics/internal/proto/metrics.pb.go:311.14,313.3 1 0
github.com/dnsoftware/go-metrics/internal/proto/metrics.pb.go:314.2,314.10 1 0
github.com/dnsoftware/go-metrics/internal/proto/metrics.pb.go:329.40,331.29 2 0
github.com/dnsoftware/go-metrics/internal/proto/metrics.pb.go:331.29,335.3 3 0
github.com/dnsoftware/go-metrics/internal/proto/metrics.pb.go:338.48,340.2 1 0
github.com/dnsoftware/go-metrics/internal/proto/metrics.pb.go:342.46,342.47 0 0
github.com/dnsoftware/go-metrics/internal/proto/metrics.pb.go:344.68,346.41 2 0
github.com/dnsoftware/go-metrics/internal/proto/metrics.pb.go:346.41,348.34 2 0
github.com/dnsoftware/go-metrics/internal/proto/metrics.pb.go:348.34,350.4 1 0
github.com/dnsoftware/go-metrics/internal/proto/metrics.pb.go:351.3,351.12 1 0
github.com/dnsoftware/go-metrics/internal/proto/metrics.pb.go:353.2,353.24 1 0
github.com/dnsoftware/go-metrics/internal/proto/metrics.pb.go:357.59,359.2 1 0
github.com/dnsoftware/go-metrics/internal/proto/metrics.pb.go:361.47,362.14 1 0
github.com/dnsoftware/go-metrics/internal/proto/metrics.pb.go:362.14,364.3 1 0
github.com/dnsoftware/go-metrics/internal/proto/metrics.pb.go:365.2,365.11 1 0
github.com/dnsoftware/go-metrics/internal/proto/metrics.pb.go:368.50,369.14 1 0
github.com/dnsoftware/go-metrics/internal/proto/metrics.pb.go:369.14,371.3 1 0
github.com/dnsoftware/go-metrics/internal/proto/metrics.pb.go:372.2,372.11 1 0
github.com/dnsoftware/go-metrics/internal/proto/metrics.pb.go:375.49,376.14 1 0
github.com/dnsoftware/go-metrics/internal/proto/metrics.pb.go:376.14,378.3 1 0
github.com/dnsoftware/go-metrics/internal/proto/metrics.pb.go:379.2,379.10 1 0
github.com/dnsoftware/go-metrics/internal/proto/metrics.pb.go:382.51,383.14 1 0
github.com/dnsoftware/go-metrics/internal/proto/metrics.pb.go:383.14,385.3 1 0
github.com/dnsoftware/go-metrics/internal/proto/metrics.pb.go:386.2,386.10 1 0
github.com/dnsoftware/go-metrics/internal/proto/metrics.pb.go:389.50,390.14 1 0
github.com/dnsoftware/go-metrics/internal/proto/metrics.pb.go:390.14,392.3 1 0
github.com/dnsoftware/go-metrics/internal/proto/metrics.pb.go:393.2,393.11 1 0
github.com/dnsoftware/go-metrics/internal/proto/metrics.pb.go:408.42,410.29 2 1
github.com/dnsoftware/go-metrics/internal/proto/metrics.pb.go:410.29,414.3 3 1
github.com/dnsoftware/go-metrics/internal/proto/metrics.pb.go:417.50,419.2 1 0
github.com/dnsoftware/go-metrics/internal/proto/metrics.pb.go:421.48,421.49 0 0
github.com/dnsoftware/go-metrics/internal/proto/metrics.pb.go:423.70,425.41 2 1
github.com/dnsoftware/go-metrics/internal/proto/metrics.pb.go:425.41,427.34 2 1
github.com/dnsoftware/go-metrics/internal/proto/metrics.pb.go:427.34,429.4 1 1
github.com/dnsoftware/go-metrics/internal/proto/metrics.pb.go:430.3,430.12 1 1
github.com/dnsoftware/go-metrics/internal/proto/metrics.pb.go:432.2,432.24 1 1
github.com/dnsoftware/go-metrics/internal/proto/metrics.pb.go:436.61,438.2 1 0
github.com/dnsoftware/go-metrics/internal/proto/metrics.pb.go:440.49,441.14 1 0
github.com/dnsoftware/go-metrics/internal/proto/metrics.pb.go:441.14,443.3 1 0
github.com/dnsoftware/go-metrics/internal/proto/metrics.pb.go:444.2,444.11 1 0
github.com/dnsoftware/go-metrics/internal/proto/metrics.pb.go:447.52,448.14 1 0
github.com/dnsoftware/go-metrics/internal/proto/metrics.pb.go:448.14,450.3 1 0
github.com/dnsoftware/go-metrics/internal/proto/metrics.pb.go:451.2,451.11 1 0
github.com/dnsoftware/go-metrics/internal/proto/metrics.pb.go:454.51,455.14 1 0
github.com/dnsoftware/go-metrics/internal/proto/metrics.pb.go:455.14,457.3 1 0
github.com/dnsoftware/go-metrics/internal/proto/metrics.pb.go:458.2,458.10 1 0
github.com/dnsoftware/go-metrics/internal/proto/metrics.pb.go:461.53,462.14 1 0
github.com/dnsoftware/go-metrics/internal/proto/metrics.pb.go:462.14,464.3 1 0
github.com/dnsoftware/go-metrics/internal/proto/metrics.pb.go:465.2,465.10 1 0
github.com/dnsoftware/go-metrics/internal/proto/metrics.pb.go:476.43,478.29 2 1
github.com/dnsoftware/go-metrics/internal/proto/metrics.pb.go:478.29,482.3 3 1
github.com/dnsoftware/go-metrics/internal/proto/metrics.pb.go:485.51,487.2 1 0
github.com/dnsoftware/go-metrics/internal/proto/metrics.pb.go:489.49,489.50 0 0
github.com/dnsoftware/go-metrics/internal/proto/metrics.pb.go:491.71,493.41 2 1
github.com/dnsoftware/go-metrics/internal/proto/metrics.pb.go:493.41,495.34 2 1
github.com/dnsoftware/go-metrics/internal/proto/metrics.pb.go:495.34,497.4 1 1
github.com/dnsoftware/go-metrics/internal/proto/metrics.pb.go:498.3,498.12 1 1
github.com/dnsoftware/go-metrics/internal/proto/metrics.pb.go:500.2,500.24 1 0
github.com/dnsoftware/go-metrics/internal/proto/metrics.pb.go:504.62,506.2 1 0
github.com/dnsoftware/go-metrics/internal/proto/metrics.pb.go:508.53,509.14 1 0
github.com/dnsoftware/go-metrics/internal/proto/metrics.pb.go:509.14,511.3 1 0
github.com/dnsoftware/go-metrics/internal/proto/metrics.pb.go:512.2,512.11 1 0
github.com/dnsoftware/go-metrics/internal/proto/metrics.pb.go:524.44,526.29 2 1
github.com/dnsoftware/go-metrics/internal/proto/metrics.pb.go:526.29,530.3 3 1
github.com/dnsoftware/go-metrics/internal/proto/metrics.pb.go:533.52,535.2 1 0
github.com/dnsoftware/go-metrics/internal/proto/metrics.pb.go:537.50,537.51 0 0
github.com/dnsoftware/go-metrics/internal/proto/metrics.pb.go:539.72,541.41 2 1
github.com/dnsoftware/go-metrics/internal/proto/metrics.pb.go:541.41,543.34 2 1
github.com/dnsoftware/go-metrics/internal/proto/metrics.pb.go:543.34,545.4 1 1
github.com/dnsoftware/go-metrics/internal/proto/metrics.pb.go:546.3,546.12 1 1
github.com/dnsoftware/go-metrics/internal/proto/metrics.pb.go:548.2,548.24 1 0
github.com/dnsoftware/go-metrics/internal/proto/metrics.pb.go:552.63,554.2 1 0
github.com/dnsoftware/go-metrics/internal/proto/metrics.pb.go:556.75,557.14 1 0
github.com/dnsoftware/go-metrics/internal/proto/metrics.pb.go:557.14,559.3 1 0
github.com/dnsoftware/go-metrics/internal/proto/metrics.pb.go:560.2,560.12 1 0
github.com/dnsoftware/go-metrics/internal/proto/metrics.pb.go:571.45,573.29 2 1
github.com/dnsoftware/go-metrics/internal/proto/metrics.pb.go:573.29,577.3 3 1
github.com/dnsoftware/go-metrics/internal/proto/metrics.pb.go:580.53,582.2 1 0
github.com/dnsoftware/go-metrics/internal/proto/metrics.pb.go:584.51,584.52 0 0
github.com/dnsoftware/go-metrics/internal/proto/metrics.pb.go:586.73,588.41 2 1
github.com/dnsoftware/go-metrics/internal/proto/metrics.pb.go:588.41,590.34 2 1
github.com/dnsoftware/go-metrics/internal/proto/metrics.pb.go:590.34,592.4 1 1
github.com/dnsoftware/go-metrics/internal/proto/metrics.pb.go:593.3,593.12 1 1
github.com/dnsoftware/go-metrics/internal/proto/metrics.pb.go:595.2,595.24 1 0
github.com/dnsoftware/go-metrics/internal/proto/metrics.pb.go:599.64,601.2 1 0
github.com/dnsoftware/go-metrics/internal/proto/metrics.pb.go:603.55,604.14 1 0
github.com/dnsoftware/go-metrics/internal/proto/metrics.pb.go:604.14,606.3 1 0
github.com/dnsoftware/go-metrics/internal/proto/metrics.pb.go:607.2,607.11 1 0
github.com/dnsoftware/go-metrics/internal/proto/metrics.pb.go:617.40,619.29 2 0
github.com/dnsoftware/go-metrics/internal/proto/metrics.pb.go:619.29,623.3 3 0
github.com/dnsoftware/go-metrics/internal/proto/metrics.pb.go:626.48,628.2 1 0
github.com/dnsoftware/go-metrics/internal/proto/metrics.pb.go:630.46,630.47 0 0
github.com/dnsoftware/go-metrics/internal/proto/metrics.pb.go:632.68,634.41 2 0
github.com/dnsoftware/go-metrics/internal/proto/metrics.pb.go:634.41,636.34 2 0
github.com/dnsoftware/go-metrics/internal/proto/metrics.pb.go:636.34,638.4 1 0
github.com/dnsoftware/go-metrics/internal/proto/metrics.pb.go:639.3,639.12 1 0
github.com/dnsoftware/go-metrics/internal/proto/metrics.pb.go:641.2,641.24 1 0
github.com/dnsoftware/go-metrics/internal/proto/metrics.pb.go:645.59,647.2 1 0
github.com/dnsoftware/go-metrics/internal/proto/metrics.pb.go:657.41,659.29 2 0
github.com/dnsoftware/go-metrics/internal/proto/metrics.pb.go:659.29,663.3 3 0
github.com/dnsoftware/go-metrics/internal/proto/metrics.pb.go:666.49,668.2 1 0
github.com/dnsoftware/go-metrics/internal/proto/metrics.pb.go:670.47,670.48 0 0
github.com/dnsoftware/go-metrics/internal/proto/metrics.pb.go:672.69,674.41 2 0
github.com/dnsoftware/go-metrics/internal/proto/metrics.pb.go:674.41,676.34 2 0
github.com/dnsoftware/go-metrics/internal/proto/metrics.pb.go:676.34,678.4 1 0
github.com/dnsoftware/go-metrics/internal/proto/metrics.pb.go:679.3,679.12 1 0
github.com/dnsoftware/go-metrics/internal/proto/metrics.pb.go:681.2,681.24 1 0
github.com/dnsoftware/go-metrics/internal/proto/metrics.pb.go:685.60,687.2 1 0
github.com/dnsoftware/go-metrics/internal/proto/metrics.pb.go:689.70,690.14 1 0
github.com/dnsoftware/go-metrics/internal/proto/metrics.pb.go:690.14,692.3 1 0
github.com/dnsoftware/go-metrics/internal/proto/metrics.pb.go:693.2,693.12 1 0
github.com/dnsoftware/go-metrics/internal/proto/metrics.pb.go:806.61,807.58 1 0
github.com/dnsoftware/go-metrics/internal/proto/metrics.pb.go:807.58,809.3 1 0
github.com/dnsoftware/go-metrics/internal/proto/metrics.pb.go:810.2,810.54 1 0
github.com/dnsoftware/go-metrics/internal/proto/metrics.pb.go:852.13,852.57 1 1
github.com/dnsoftware/go-metrics/internal/proto/metrics.pb.go:853.47,854.46 1 1
github.com/dnsoftware/go-metrics/internal/proto/metrics.pb.go:854.46,856.3 1 0
github.com/dnsoftware/go-metrics/internal/proto/metrics.pb.go:857.2,857.30 1 1
github.com/dnsoftware/go-metrics/internal/proto/metrics.pb.go:857.30,858.99 1 0
github.com/dnsoftware/go-metrics/internal/proto/metrics.pb.go:858.99,859.41 1 0
github.com/dnsoftware/go-metrics/internal/proto/metrics.pb.go:860.11,861.20 1 0
github.com/dnsoftware/go-metrics/internal/proto/metrics.pb.go:862.11,863.24 1 0
github.com/dnsoftware/go-metrics/internal/proto/metrics.pb.go:864.11,865.28 1 0
github.com/dnsoftware/go-metrics/internal/proto/metrics.pb.go:866.12,867.15 1 0
github.com/dnsoftware/go-metrics/internal/proto/metrics.pb.go:870.3,870.99 1 0
github.com/dnsoftware/go-metrics/internal/proto/metrics.pb.go:870.99,871.42 1 0
github.com/dnsoftware/go-metrics/internal/proto/metrics.pb.go:872.11,873.20 1 0
github.com/dnsoftware/go-metrics/internal/proto/metrics.pb.go:874.11,875.24 1 0
github.com/dnsoftware/go-metrics/internal/proto/metrics.pb.go:876.11,877.28 1 0
github.com/dnsoftware/go-metrics/internal/proto/metrics.pb.go:878.12,879.15 1 0
github.com/dnsoftware/go-metrics/internal/proto/metrics.pb.go:882.3,882.99 1 0
github.com/dnsoftware/go-metrics/internal/proto/metrics.pb.go:882.99,883.44 1 0
github.com/dnsoftware/go-metrics/internal/proto/metrics.pb.go:884.11,885.20 1 0
github.com/dnsoftware/go-metrics/internal/proto/metrics.pb.go:886.11,887.24 1 0
github.com/dnsoftware/go-metrics/internal/proto/metrics.pb.go:888.11,889.28 1 0
github.com/dnsoftware/go-metrics/internal/proto/metrics.pb.go:890.12,891.15 1 0
github.com/dnsoftware/go-metrics/internal/proto/metrics.pb.go:894.3,894.99 1 0
github.com/dnsoftware/go-metrics/internal/proto/metrics.pb.go:894.99,895.45 1 0
github.com/dnsoftware/go-metrics/internal/proto/metrics.pb.go:896.11,897.20 1 0
github.com/dnsoftware/go-metrics/internal/proto/metrics.pb.go:898.11,899.24 1 0
github.com/dnsoftware/go-metrics/internal/proto/metrics.pb.go:900.11,901.28 1 0
github.com/dnsoftware/go-metrics/internal/proto/metrics.pb.go:902.12,903.15 1 0
github.com/dnsoftware/go-metrics/internal/proto/metrics.pb.go:906.3,906.99 1 0
github.com/dnsoftware/go-metrics/internal/proto/metrics.pb.go:906.99,907.44 1 0
github.com/dnsoftware/go-metrics/internal/proto/metrics.pb.go:908.11,909.20 1 0
github.com/dnsoftware/go-metrics/internal/proto/metrics.pb.go:910.11,911.24 1 0
github.com/dnsoftware/go-metrics/internal/proto/metrics.pb.go:912.11,913.28 1 0
github.com/dnsoftware/go-metrics/internal/proto/metrics.pb.go:914.12,915.15 1 0
github.com/dnsoftware/go-metrics/internal/proto/metrics.pb.go:918.3,918.99 1 0
github.com/dnsoftware/go-metrics/internal/proto/metrics.pb.go:918.99,919.45 1 0
github.com/dnsoftware/go-metrics/internal/proto/metrics.pb.go:920.11,921.20 1 0
github.com/dnsoftware/go-metrics/internal/proto/metrics.pb.go:922.11,923.24 1 0
github.com/dnsoftware/go-metrics/internal/proto/metrics.pb.go:924.11,925.28 1 0
github.com/dnsoftware/go-metrics/internal/proto/metrics.pb.go:926.12,927.15 1 0
github.com/dnsoftware/go-metrics/internal/proto/metrics.pb.go:930.3,930.99 1 0
github.com/dnsoftware/go-metrics/internal/proto/metrics.pb.go:930.99,931.47 1 0
github.com/dnsoftware/go-metrics/internal/proto/metrics.pb.go:932.11,933.20 1 0
github.com/dnsoftware/go-metrics/internal/proto/metrics.pb.go:934.11,935.24 1 0
github.com/dnsoftware/go-metrics/internal/proto/metrics.pb.go:936.11,937.28 1 0
github.com/dnsoftware/go-metrics/internal/proto/metrics.pb.go:938.12,939.15 1 0
github.com/dnsoftware/go-metrics/internal/proto/metrics.pb.go:942.3,942.99 1 0
github.com/dnsoftware/go-metrics/internal/proto/metrics.pb.go:942.99,943.48 1 0
github.com/dnsoftware/go-metrics/internal/proto/metrics.pb.go:944.11,945.20 1 0
github.com/dnsoftware/go-metrics/internal/proto/metrics.pb.go:946.11,947.24 1 0
github.com/dnsoftware/go-metrics/internal/proto/metrics.pb.go:948.11,949.28 1 0
github.com/dnsoftware/go-metrics/internal/proto/metrics.pb.go:950.12,951.15 1 0
github.com/dnsoftware/go-metrics/internal/proto/metrics.pb.go:954.3,954.99 1 0
github.com/dnsoftware/go-metrics/internal/proto/metrics.pb.go:954.99,955.49 1 0
github.com/dnsoftware/go-metrics/internal/proto/metrics.pb.go:956.11,957.20 1 0
github.com/dnsoftware/go-metrics/internal/proto/metrics.pb.go:958.11,959.24 1 0
github.com/dnsoftware/go-metrics/internal/proto/metrics.pb.go:960.11,961.28 1 0
github.com/dnsoftware/go-metrics/internal/proto/metrics.pb.go:962.12,963.15 1 0
github.com/dnsoftware/go-metrics/internal/proto/metrics.pb.go:966.3,966.99 1 0
github.com/dnsoftware/go-metrics/internal/proto/metrics.pb.go:966.99,967.50 1 0
github.com/dnsoftware/go-metrics/internal/proto/metrics.pb.go:968.11,969.20 1 0
github.com/dnsoftware/go-metrics/internal/proto/metrics.pb.go:970.11,971.24 1 0
github.com/dnsoftware/go-metrics/internal/proto/metrics.pb.go:972.11,973.28 1 0
github.com/dnsoftware/go-metrics/internal/proto/metrics.pb.go:974.12,975.15 1 0
github.com/dnsoftware/go-metrics/internal/proto/metrics.pb.go:978.3,978.100 1 0
github.com/dnsoftware/go-metrics/internal/proto/metrics.pb.go:978.100,979.45 1 0
github.com/dnsoftware/go-metrics/internal/proto/metrics.pb.go:980.11,981.20 1 0
github.com/dnsoftware/go-metrics/internal/proto/metrics.pb.go:982.11,983.24 1 0
github.com/dnsoftware/go-metrics/internal/proto/metrics.pb.go:984.11,985.28 1 0
github.com/dnsoftware/go-metrics/internal/proto/metrics.pb.go:986.12,987.15 1 0
github.com/dnsoftware/go-metrics/internal/proto/metrics.pb.go:990.3,990.100 1 0
github.com/dnsoftware/go-metrics/internal/proto/metrics.pb.go:990.100,991.46 1 0
github.com/dnsoftware/go-metrics/internal/proto/metrics.pb.go:992.11,993.20 1 0
github.com/dnsoftware/go-metrics/internal/proto/metrics.pb.go:994.11,995.24 1 0
github.com/dnsoftware/go-metrics/internal/proto/metrics.pb.go:996.11,997.28 1 0
github.com/dnsoftware/go-metrics/internal/proto/metrics.pb.go:998.12,999.15 1 0
github.com/dnsoftware/go-metrics/internal/proto/metrics.pb.go:1003.2,1020.49 6 1
github.com/dnsoftware/go-metrics/internal/proto/metrics_grpc.pb.go:48.66,50.2 1 1
github.com/dnsoftware/go-metrics/internal/proto/metrics_grpc.pb.go:52.136,55.16 3 0
github.com/dnsoftware/go-metrics/internal/proto/metrics_grpc.pb.go:55.16,57.3 1 0
github.com/dnsoftware/go-metrics/internal/proto/metrics_grpc.pb.go:58.2,58.17 1 0
github.com/dnsoftware/go-metrics/internal/proto/metrics_grpc.pb.go:61.140,64.16 3 0
github.com/dnsoftware/go-metrics/internal/proto/metrics_grpc.pb.go:64.16,66.3 1 0
github.com/dnsoftware/go-metrics/internal/proto/metrics_grpc.pb.go:67.2,67.17 1 0
github.com/dnsoftware/go-metrics/internal/proto/metrics_grpc.pb.go:70.140,73.16 3 0
github.com/dnsoftware/go-metrics/internal/proto/metrics_grpc.pb.go:73.16,75.3 1 0
github.com/dnsoftware/go-metrics/internal/proto/metrics_grpc.pb.go:76.2,76.17 1 0
github.com/dnsoftware/go-metrics/internal/proto/metrics_grpc.pb.go:79.149,82.16 3 1
github.com/dnsoftware/go-metrics/internal/proto/metrics_grpc.pb.go:82.16,84.3 1 0
github.com/dnsoftware/go-metrics/internal/proto/metrics_grpc.pb.go:85.2,85.17 1 1
github.com/dnsoftware/go-metrics/internal/proto/metrics_grpc.pb.go:88.143,91.16 3 0
github.com/dnsoftware/go-metrics/internal/proto/metrics_grpc.pb.go:91.16,93.3 1 0
github.com/dnsoftware/go-metrics/internal/proto/metrics_grpc.pb.go:94.2,94.17 1 0
github.com/dnsoftware/go-metrics/internal/proto/metrics_grpc.pb.go:97.156,100.16 3 1
github.com/dnsoftware/go-metrics/internal/proto/metrics_grpc.pb.go:100.16,102.3 1 0
github.com/dnsoftware/go-metrics/internal/proto/metrics_grpc.pb.go:103.2,103.17 1 1
github.com/dnsoftware/go-metrics/internal/proto/metrics_grpc.pb.go:106.134,108.16 2 0
github.com/dnsoftware/go-metrics/internal/proto/metrics_grpc.pb.go:108.16,110.3 1 0
github.com/dnsoftware/go-metrics/internal/proto/metrics_grpc.pb.go:111.2,112.15 2 0
github.com/dnsoftware/go-metrics/internal/proto/metrics_grpc.pb.go:125.82,127.2 1 0
github.com/dnsoftware/go-metrics/internal/proto/metrics_grpc.pb.go:129.85,131.50 2 0
github.com/dnsoftware/go-metrics/internal/proto/metrics_grpc.pb.go:131.50,133.3 1 0
github.com/dnsoftware/go-metrics/internal/proto/metrics_grpc.pb.go:134.2,134.15 1 0
github.com/dnsoftware/go-metrics/internal/proto/metrics_grpc.pb.go:155.114,157.2 1 0
github.com/dnsoftware/go-metrics/internal/proto/metrics_grpc.pb.go:158.118,160.2 1 0
github.com/dnsoftware/go-metrics/internal/proto/metrics_grpc.pb.go:161.118,163.2 1 0
github.com/dnsoftware/go-metrics/internal/proto/metrics_grpc.pb.go:164.127,166.2 1 0
github.com/dnsoftware/go-metrics/internal/proto/metrics_grpc.pb.go:167.121,169.2 1 0
github.com/dnsoftware/go-metrics/internal/proto/metrics_grpc.pb.go:170.134,172.2 1 0
github.com/dnsoftware/go-metrics/internal/proto/metrics_grpc.pb.go:173.96,175.2 1 0
github.com/dnsoftware/go-metrics/internal/proto/metrics_grpc.pb.go:176.74,176.75 0 0
github.com/dnsoftware/go-metrics/internal/proto/metrics_grpc.pb.go:185.72,187.2 1 1
github.com/dnsoftware/go-metrics/internal/proto/metrics_grpc.pb.go:189.167,191.32 2 0
github.com/dnsoftware/go-metrics/internal/proto/metrics_grpc.pb.go:191.32,193.3 1 0
github.com/dnsoftware/go-metrics/internal/proto/metrics_grpc.pb.go:194.2,194.24 1 0
github.com/dnsoftware/go-metrics/internal/proto/metrics_grpc.pb.go:194.24,196.3 1 0
github.com/dnsoftware/go-metrics/internal/proto/metrics_grpc.pb.go:197.2,201.77 2 0
github.com/dnsoftware/go-metrics/internal/proto/metrics_grpc.pb.go:201.77,203.3 1 0
github.com/dnsoftware/go-metrics/internal/proto/metrics_grpc.pb.go:204.2,204.44 1 0
github.com/dnsoftware/go-metrics/internal/proto/metrics_grpc.pb.go:207.165,209.32 2 0
github.com/dnsoftware/go-metrics/internal/proto/metrics_grpc.pb.go:209.32,211.3 1 0
github.com/dnsoftware/go-metrics/internal/proto/metrics_grpc.pb.go:212.2,212.24 1 0
github.com/dnsoftware/go-metrics/internal/proto/metrics_grpc.pb.go:212.24,214.3 1 0
github.com/dnsoftware/go-metrics/internal/proto/metrics_grpc.pb.go:215.2,219.77 2 0
github.com/dnsoftware/go-metrics/internal/proto/metrics_grpc.pb.go:219.77,221.3 1 0
github.com/dnsoftware/go-metrics/internal/proto/metrics_grpc.pb.go:222.2,222.44 1 0
github.com/dnsoftware/go-metrics/internal/proto/metrics_grpc.pb.go:225.165,227.32 2 0
github.com/dnsoftware/go-metrics/internal/proto/metrics_grpc.pb.go:227.32,229.3 1 0
github.com/dnsoftware/go-metrics/internal/proto/metrics_grpc.pb.go:230.2,230.24 1 0
github.com/dnsoftware/go-metrics/internal/proto/metrics_grpc.pb.go:230.24,232.3 1 0
github.com/dnsoftware/go-metrics/internal/proto/metrics_grpc.pb.go:233.2,237.77 2 0
github.com/dnsoftware/go-metrics/internal/proto/metrics_grpc.pb.go:237.77,239.3 1 0
github.com/dnsoftware/go-metrics/internal/proto/metrics_grpc.pb.go:240.2,240.44 1 0
github.com/dnsoftware/go-metrics/internal/proto/metrics_grpc.pb.go:243.168,245.32 2 1
github.com/dnsoftware/go-metrics/internal/proto/metrics_grpc.pb.go:245.32,247.3 1 0
github.com/dnsoftware/go-metrics/internal/proto/metrics_grpc.pb.go:248.2,248.24 1 1
github.com/dnsoftware/go-metrics/internal/proto/metrics_grpc.pb.go:248.24,250.3 1 0
github.com/dnsoftware/go-metrics/internal/proto/metrics_grpc.pb.go:251.2,255.77 2 1
github.com/dnsoftware/go-metrics/internal/proto/metrics_grpc.pb.go:255.77,257.3 1 1
github.com/dnsoftware/go-metrics/internal/proto/metrics_grpc.pb.go:258.2,258.44 1 1
github.com/dnsoftware/go-metrics/internal/proto/metrics_grpc.pb.go:261.166,263.32 2 0
github.com/dnsoftware/go-metrics/internal/proto/metrics_grpc.pb.go:263.32,265.3 1 0
github.com/dnsoftware/go-metrics/internal/proto/metrics_grpc.pb.go:266.2,266.24 1 0
github.com/dnsoftware/go-metrics/internal/proto/metrics_grpc.pb.go:266.24,268.3 1 0
github.com/dnsoftware/go-metrics/internal/proto/metrics_grpc.pb.go:269.2,273.77 2 0
github.com/dnsoftware/go-metrics/internal/proto/metrics_grpc.pb.go:273.77,275.3 1 0
github.com/dnsoftware/go-metrics/internal/proto/metrics_grpc.pb.go:276.2,276.44 1 0
github.com/dnsoftware/go-metrics/internal/proto/metrics_grpc.pb.go:279.171,281.32 2 1
github.com/dnsoftware/go-metrics/internal/proto/metrics_grpc.pb.go:281.32,283.3 1 0
github.com/dnsoftware/go-metrics/internal/proto/metrics_grpc.pb.go:284.2,284.24 1 1
github.com/dnsoftware/go-metrics/internal/proto/metrics_grpc.pb.go:284.24,286.3 1 0
github.com/dnsoftware/go-metrics/internal/proto/metrics_grpc.pb.go:287.2,291.77 2 1
github.com/dnsoftware/go-metrics/internal/proto/metrics_grpc.pb.go:291.77,293.3 1 1
github.com/dnsoftware/go-metrics/internal/proto/metrics_grpc.pb.go:294.2,294.44 1 1
github.com/dnsoftware/go-metrics/internal/proto/metrics_grpc.pb.go:297.92,299.2 1 0
github.com/dnsoftware/go-metrics/internal/proto/metrics_grpc.pb.go:311.83,313.2 1 0
github.com/dnsoftware/go-metrics/internal/proto/metrics_grpc.pb.go:315.84,317.50 2 0
github.com/dnsoftware/go-metrics/internal/proto/metrics_grpc.pb.go:317.50,319.3 1 0
github.com/dnsoftware/go-metrics/internal/proto/metrics_grpc.pb.go:320.2,320.15 1 0
github.com/dnsoftware/go-metrics/internal/logger/logger.go:24.20,25.17 1 0
github.com/dnsoftware/go-metrics/internal/logger/logger.go:25.17,29.17 3 0
github.com/dnsoftware/go-metrics/internal/logger/logger.go:29.17,31.4 1 0
github.com/dnsoftware/go-metrics/internal/logger/logger.go:34.2,34.22 1 0
github.com/dnsoftware/go-metrics/internal/logger/logger.go:38.77,49.16 6 0
github.com/dnsoftware/go-metrics/internal/logger/logger.go:49.16,51.3 1 0
github.com/dnsoftware/go-metrics/internal/logger/logger.go:54.2,70.15 7 0
github.com/dnsoftware/go-metrics/internal/proto/metrics.pb.go:34.36,36.29 2 0
github.com/dnsoftware/go-metrics/internal/proto/metrics.pb.go:36.29,40.3 3 0
github.com/dnsoftware/go-metrics/internal/proto/metrics.pb.go:43.44,45.2 1 0
github.com/dnsoftware/go-metrics/internal/proto/metrics.pb.go:47.42,47.43 0 0
github.com/dnsoftware/go-metrics/internal/proto/metrics.pb.go:49.64,51.41 2 0
github.com/dnsoftware/go-metrics/internal/proto/metrics.pb.go:51.41,53.34 2 0
github.com/dnsoftware/go-metrics/internal/proto/metrics.pb.go:53.34,55.4 1 0
github.com/dnsoftware/go-metrics/internal/proto/metrics.pb.go:56.3,56.12 1 0
github.com/dnsoftware/go-metrics/internal/proto/metrics.pb.go:58.2,58.24 1 0
github.com/dnsoftware/go-metrics/internal/proto/metrics.pb.go:62.55,64.2 1 0
github.com/dnsoftware/go-metrics/internal/proto/metrics.pb.go:66.51,67.14 1 0
github.com/dnsoftware/go-metrics/internal/proto/metrics.pb.go:67.14,69.3 1 0
github.com/dnsoftware/go-metrics/internal/proto/metrics.pb.go:70.2,70.11 1 0
github.com/dnsoftware/go-metrics/internal/proto/metrics.pb.go:73.51,74.14 1 0
github.com/dnsoftware/go-metrics/internal/proto/metrics.pb.go:74.14,76.3 1 0
github.com/dnsoftware/go-metrics/internal/proto/metrics.pb.go:77.2,77.11 1 0
github.com/dnsoftware/go-metrics/internal/proto/metrics.pb.go:89.37,91.29 2 0
github.com/dnsoftware/go-metrics/internal/proto/metrics.pb.go:91.29,95.3 3 0
github.com/dnsoftware/go-metrics/internal/proto/metrics.pb.go:98.45,100.2 1 0
github.com/dnsoftware/go-metrics/internal/proto/metrics.pb.go:102.43,102.44 0 0
github.com/dnsoftware/go-metrics/internal/proto/metrics.pb.go:104.65,106.41 2 0
github.com/dnsoftware/go-metrics/internal/proto/metrics.pb.go:106.41,108.34 2 0
github.com/dnsoftware/go-metrics/internal/proto/metrics.pb.go:108.34,110.4 1 0
github.com/dnsoftware/go-metrics/internal/proto/metrics.pb.go:111.3,111.12 1 0
github.com/dnsoftware/go-metrics/internal/proto/metrics.pb.go:113.2,113.24 1 0
github.com/dnsoftware/go-metrics/internal/proto/metrics.pb.go:117.56,119.2 1 0
github.com/dnsoftware/go-metrics/internal/proto/metrics.pb.go:121.53,122.14 1 0
github.com/dnsoftware/go-metrics/internal/proto/metrics.pb.go:122.14,124.3 1 0
github.com/dnsoftware/go-metrics/internal/proto/metrics.pb.go:125.2,125.11 1 0
github.com/dnsoftware/go-metrics/internal/proto/metrics.pb.go:128.47,129.14 1 0
github.com/dnsoftware/go-metrics/internal/proto/metrics.pb.go:129.14,131.3 1 0
github.com/dnsoftware/go-metrics/internal/proto/metrics.pb.go:132.2,132.11 1 0
github.com/dnsoftware/go-metrics/internal/proto/metrics.pb.go:145.39,147.29 2 0
github.com/dnsoftware/go-metrics/internal/proto/metrics.pb.go:147.29,151.3 3 0
github.com/dnsoftware/go-metrics/internal/proto/metrics.pb.go:154.47,156.2 1 0
github.com/dnsoftware/go-metrics/internal/proto/metrics.pb.go:158.45,158.46 0 0
github.com/dnsoftware/go-metrics/internal/proto/metrics.pb.go:160.67,162.41 2 0
github.com/dnsoftware/go-metrics/internal/proto/metrics.pb.go:162.41,164.34 2 0
github.com/dnsoftware/go-metrics/internal/proto/metrics.pb.go:164.34,166.4 1 0
github.com/dnsoftware/go-metrics/internal/proto/metrics.pb.go:167.3,167.12 1 0
github.com/dnsoftware/go-metrics/internal/proto/metrics.pb.go:169.2,169.24 1 0
github.com/dnsoftware/go-metrics/internal/proto/metrics.pb.go:173.58,175.2 1 0
github.com/dnsoftware/go-metrics/internal/proto/metrics.pb.go:177.54,178.14 1 0
github.com/dnsoftware/go-metrics/internal/proto/metrics.pb.go:178.14,180.3 1 0
github.com/dnsoftware/go-metrics/internal/proto/metrics.pb.go:181.2,181.11 1 0
github.com/dnsoftware/go-metrics/internal/proto/metrics.pb.go:184.54,185.14 1 0
github.com/dnsoftware/go-metrics/internal/proto/metrics.pb.go:185.14,187.3 1 0
github.com/dnsoftware/go-metrics/internal/proto/metrics.pb.go:188.2,188.11 1 0
github.com/dnsoftware/go-metrics/internal/proto/metrics.pb.go:191.55,192.14 1 0
github.com/dnsoftware/go-metrics/internal/proto/metrics.pb.go:192.14,194.3 1 0
github.com/dnsoftware/go-metrics/internal/proto/metrics.pb.go:195.2,195.11 1 0
github.com/dnsoftware/go-metrics/internal/proto/metrics.pb.go:206.40,208.29 2 0
github.com/dnsoftware/go-metrics/internal/proto/metrics.pb.go:208.29,212.3 3 0
github.com/dnsoftware/go-metrics/internal/proto/metrics.pb.go:215.48,217.2 1 0
github.com/dnsoftware/go-metrics/internal/proto/metrics.pb.go:219.46,219.47 0 0
github.com/dnsoftware/go-metrics/internal/proto/metrics.pb.go:221.68,223.41 2 0
github.com/dnsoftware/go-metrics/internal/proto/metrics.pb.go:223.41,225.34 2 0
github.com/dnsoftware/go-metrics/internal/proto/metrics.pb.go:225.34,227.4 1 0
github.com/dnsoftware/go-metrics/internal/proto/metrics.pb.go:228.3,228.12 1 0
github.com/dnsoftware/go-metrics/internal/proto/metrics.pb.go:230.2,230.24 1 0
github.com/dnsoftware/go-metrics/internal/proto/metrics.pb.go:234.59,236.2 1 0
github.com/dnsoftware/go-metrics/internal/proto/metrics.pb.go:238.50,239.14 1 0
github.com/dnsoftware/go-metrics/internal/proto/metrics.pb.go:239.14,241.3 1 0
github.com/dnsoftware/go-metrics/internal/proto/metrics.pb.go:242.2,242.11 1 0
github.com/dnsoftware/go-metrics/internal/proto/metrics.pb.go:257.39,259.29 2 0
github.com/dnsoftware/go-metrics/internal/proto/metrics.pb.go:259.29,263.3 3 0
github.com/dnsoftware/go-metrics/internal/proto/metrics.pb.go:266.47,268.2 1 0
github.com/dnsoftware/go-metrics/internal/proto/metrics.pb.go:270.45,270.46 0 0
github.com/dnsoftware/go-metrics/internal/proto/metrics.pb.go:272.67,274.41 2 0
github.com/dnsoftware/go-metrics/internal/proto/metrics.pb.go:274.41,276.34 2 0
github.com/dnsoftware/go-metrics/internal/proto/metrics.pb.go:276.34,278.4 1 0
github.com/dnsoftware/go-metrics/internal/proto/metrics.pb.go:279.3,279.12 1 0
github.com/dnsoftware/go-metrics/internal/proto/metrics.pb.go:281.2,281.24 1 0
github.com/dnsoftware/go-metrics/internal/proto/metrics.pb.go:285.58,287.2 1 0
github.com/dnsoftware/go-metrics/internal/proto/metrics.pb.go:289.46,290.14 1 0
github.com/dnsoftware/go-metrics/internal/proto/metrics.pb.go:290.14,292.3 1 0
github.com/dnsoftware/go-metrics/internal/proto/metrics.pb.go:293.2,293.11 1 0
github.com/dnsoftware/go-metrics/internal/proto/metrics.pb.go:296.49,297.14 1 0
github.com/dnsoftware/go-metrics/internal/proto/metrics.pb.go:297.14,299.3 1 0
github.com/dnsoftware/go-metrics/internal/proto/metrics.pb.go:300.2,300.11 1 0
github.com/dnsoftware/go-metrics/internal/proto/metrics.pb.go:303.48,304.14 1 0
github.com/dnsoftware/go-metrics/internal/proto/metrics.pb.go:304.14,306.3 1 0
github.com/dnsoftware/go-metrics/internal/proto/metrics.pb.go:307.2,307.10 1 0
github.com/dnsoftware/go-metrics/internal/proto/metrics.pb.go:310.50,311.14 1 0
github.com/dnsoftware/go-metrics/internal/proto/metrics.pb.go:311.14,313.3 1 0
github.com/dnsoftware/go-metrics/internal/proto/metrics.pb.go:314.2,314.10 1 0
[...]
github.com/dnsoftware/go-metrics/internal/proto/metrics.pb.go:408.42,410.29 2 0
github.com/dnsoftware/go-metrics/internal/proto/metrics.pb.go:410.29,414.3 3 0
github.com/dnsoftware/go-metrics/internal/proto/metrics.pb.go:417.50,419.2 1 0
github.com/dnsoftware/go-metrics/internal/proto/metrics.pb.go:421.48,421.49 0 0
github.com/dnsoftware/go-metrics/internal/proto/metrics.pb.go:423.70,425.41 2 0
github.com/dnsoftware/go-metrics/internal/proto/metrics.pb.go:425.41,427.34 2 0
github.com/dnsoftware/go-metrics/internal/proto/metrics.pb.go:427.34,429.4 1 0
github.com/dnsoftware/go-metrics/internal/proto/metrics.pb.go:430.3,430.12 1 0
github.com/dnsoftware/go-metrics/internal/proto/metrics.pb.go:432.2,432.24 1 0
github.com/dnsoftware/go-metrics/internal/proto/metrics.pb.go:436.61,438.2 1 0
github.com/dnsoftware/go-metrics/internal/proto/metrics.pb.go:440.49,441.14 1 0
github.com/dnsoftware/go-metrics/internal/proto/metrics.pb.go:441.14,443.3 1 0
github.com/dnsoftware/go-metrics/internal/proto/metrics.pb.go:444.2,444.11 1 0
github.com/dnsoftware/go-metrics/internal/proto/metrics.pb.go:447.52,448.14 1 0
github.com/dnsoftware/go-metrics/internal/proto/metrics.pb.go:448.14,450.3 1 0
github.com/dnsoftware/go-metrics/internal/proto/metrics.pb.go:451.2,451.11 1 0
github.com/dnsoftware/go-metrics/internal/proto/metrics.pb.go:454.51,455.14 1 0
github.com/dnsoftware/go-metrics/internal/proto/metrics.pb.go:455.14,457.3 1 0
github.com/dnsoftware/go-metrics/internal/proto/metrics.pb.go:458.2,458.10 1 0
github.com/dnsoftware/go-metrics/internal/proto/metrics.pb.go:461.53,462.14 1 0
github.com/dnsoftware/go-metrics/internal/proto/metrics.pb.go:462.14,464.3 1 0
github.com/dnsoftware/go-metrics/internal/proto/metrics.pb.go:465.2,465.10 1 0
github.com/dnsoftware/go-metrics/internal/proto/metrics.pb.go:476.43,478.29 2 0
github.com/dnsoftware/go-metrics/internal/proto/metrics.pb.go:478.29,482.3 3 0
github.com/dnsoftware/go-metrics/internal/proto/metrics.pb.go:485.51,487.2 1 0
github.com/dnsoftware/go-metrics/internal/proto/metrics.pb.go:489.49,489.50 0 0
github.com/dnsoftware/go-metrics/internal/proto/metrics.pb.go:491.71,493.41 2 0
github.com/dnsoftware/go-metrics/internal/proto/metrics.pb.go:493.41,495.34 2 0
github.com/dnsoftware/go-metrics/internal/proto/metrics.pb.go:495.34,497.4 1 0
github.com/dnsoftware/go-metrics/internal/proto/metrics.pb.go:498.3,498.12 1 0
github.com/dnsoftware/go-metrics/internal/proto/metrics.pb.go:500.2,500.24 1 0
github.com/dnsoftware/go-metrics/internal/proto/metrics.pb.go:504.62,506.2 1 0
github.com/dnsoftware/go-metrics/internal/proto/metrics.pb.go:508.53,509.14 1 0
github.com/dnsoftware/go-metrics/internal/proto/metrics.pb.go:509.14,511.3 1 0
github.com/dnsoftware/go-metrics/internal/proto/metrics.pb.go:512.2,512.11 1 0
github.com/dnsoftware/go-metrics/internal/proto/metrics.pb.go:524.44,526.29 2 0
github.com/dnsoftware/go-metrics/internal/proto/metrics.pb.go:526.29,530.3 3 0
github.com/dnsoftware/go-metrics/internal/proto/metrics.pb.go:533.52,535.2 1 0
github.com/dnsoftware/go-metrics/internal/proto/metrics.pb.go:537.50,537.51 0 0
github.com/dnsoftware/go-metrics/internal/proto/metrics.pb.go:539.72,541.41 2 0
github.com/dnsoftware/go-metrics/internal/proto/metrics.pb.go:541.41,543.34 2 0
github.com/dnsoftware/go-metrics/internal/proto/metrics.pb.go:543.34,545.4 1 0
github.com/dnsoftware/go-metrics/internal/proto/metrics.pb.go:546.3,546.12 1 0
github.com/dnsoftware/go-metrics/internal/proto/metrics.pb.go:548.2,548.24 1 0
github.com/dnsoftware/go-metrics/internal/proto/metrics.pb.go:552.63,554.2 1 0
github.com/dnsoftware/go-metrics/internal/proto/metrics.pb.go:556.75,557.14 1 0
github.com/dnsoftware/go-metrics/internal/proto/metrics.pb.go:557.14,559.3 1 0
github.com/dnsoftware/go-metrics/internal/proto/metrics.pb.go:560.2,560.12 1 0
github.com/dnsoftware/go-metrics/internal/proto/metrics.pb.go:571.45,573.29 2 0
github.com/dnsoftware/go-metrics/internal/proto/metrics.pb.go:573.29,577.3 3 0
github.com/dnsoftware/go-metrics/internal/proto/metrics.pb.go:580.53,582.2 1 0
github.com/dnsoftware/go-metrics/internal/proto/metrics.pb.go:584.51,584.52 0 0
github.com/dnsoftware/go-metrics/internal/proto/metrics.pb.go:586.73,588.41 2 0
github.com/dnsoftware/go-metrics/internal/proto/metrics.pb.go:588.41,590.34 2 0
github.com/dnsoftware/go-metrics/internal/proto/metrics.pb.go:590.34,592.4 1 0
github.com/dnsoftware/go-metrics/internal/proto/metrics.pb.go:593.3,593.12 1 0
github.com/dnsoftware/go-metrics/internal/proto/metrics.pb.go:595.2,595.24 1 0
github.com/dnsoftware/go-metrics/internal/proto/metrics.pb.go:599.64,601.2 1 0
github.com/dnsoftware/go-metrics/internal/proto/metrics.pb.go:603.55,604.14 1 0
github.com/dnsoftware/go-metrics/internal/proto/metrics.pb.go:604.14,606.3 1 0
github.com/dnsoftware/go-metrics/internal/proto/metrics.pb.go:607.2,607.11 1 0
github.com/dnsoftware/go-metrics/internal/proto/metrics.pb.go:617.40,619.29 2 0
github.com/dnsoftware/go-metrics/internal/proto/metrics.pb.go:619.29,623.3 3 0
github.com/dnsoftware/go-metrics/internal/proto/metrics.pb.go:626.48,628.2 1 0
github.com/dnsoftware/go-metrics/internal/proto/metrics.pb.go:630.46,630.47 0 0
github.com/dnsoftware/go-metrics/internal/proto/metrics.pb.go:632.68,634.41 2 0
github.com/dnsoftware/go-metrics/internal/proto/metrics.pb.go:634.41,636.34 2 0
github.com/dnsoftware/go-metrics/internal/proto/metrics.pb.go:636.34,638.4 1 0
github.com/dnsoftware/go-metrics/internal/proto/metrics.pb.go:639.3,639.12 1 0
github.com/dnsoftware/go-metrics/internal/proto/metrics.pb.go:641.2,641.24 1 0
github.com/dnsoftware/go-metrics/internal/proto/metrics.pb.go:645.59,647.2 1 0
github.com/dnsoftware/go-metrics/internal/proto/metrics.pb.go:657.41,659.29 2 0
github.com/dnsoftware/go-metrics/internal/proto/metrics.pb.go:659.29,663.3 3 0
github.com/dnsoftware/go-metrics/internal/proto/metrics.pb.go:666.49,668.2 1 0
github.com/dnsoftware/go-metrics/internal/proto/metrics.pb.go:670.47,670.48 0 0
github.com/dnsoftware/go-metrics/internal/proto/metrics.pb.go:672.69,674.41 2 0
github.com/dnsoftware/go-metrics/internal/proto/metrics.pb.go:674.41,676.34 2 0
github.com/dnsoftware/go-metrics/internal/proto/metrics.pb.go:676.34,678.4 1 0
github.com/dnsoftware/go-metrics/internal/proto/metrics.pb.go:679.3,679.12 1 0
github.com/dnsoftware/go-metrics/internal/proto/metrics.pb.go:681.2,681.24 1 0
github.com/dnsoftware/go-metrics/internal/proto/metrics.pb.go:685.60,687.2 1 0
github.com/dnsoftware/go-metrics/internal/proto/metrics.pb.go:689.70,690.14 1 0
github.com/dnsoftware/go-metrics/internal/proto/metrics.pb.go:690.14,692.3 1 0
github.com/dnsoftware/go-metrics/internal/proto/metrics.pb.go:693.2,693.12 1 0
github.com/dnsoftware/go-metrics/internal/proto/metrics.pb.go:806.61,807.58 1 0
github.com/dnsoftware/go-metrics/internal/proto/metrics.pb.go:807.58,809.3 1 0
github.com/dnsoftware/go-metrics/internal/proto/metrics.pb.go:810.2,810.54 1 0
github.com/dnsoftware/go-metrics/internal/proto/metrics.pb.go:852.13,852.57 1 1
github.com/dnsoftware/go-metrics/internal/proto/metrics.pb.go:853.47,854.46 1 1
github.com/dnsoftware/go-metrics/internal/proto/metrics.pb.go:854.46,856.3 1 0
github.com/dnsoftware/go-metrics/internal/proto/metrics.pb.go:857.2,857.30 1 1
github.com/dnsoftware/go-metrics/internal/proto/metrics.pb.go:857.30,858.99 1 0
github.com/dnsoftware/go-metrics/internal/proto/metrics.pb.go:858.99,859.41 1 0
github.com/dnsoftware/go-metrics/internal/proto/metrics.pb.go:860.11,861.20 1 0
github.com/dnsoftware/go-metrics/internal/proto/metrics.pb.go:862.11,863.24 1 0
github.com/dnsoftware/go-metrics/internal/proto/metrics.pb.go:864.11,865.28 1 0
github.com/dnsoftware/go-metrics/internal/proto/metrics.pb.go:866.12,867.15 1 0
github.com/dnsoftware/go-metrics/internal/proto/metrics.pb.go:870.3,870.99 1 0
github.com/dnsoftware/go-metrics/internal/proto/metrics.pb.go:870.99,871.42 1 0
github.com/dnsoftware/go-metrics/internal/proto/metrics.pb.go:872.11,873.20 1 0
github.com/dnsoftware/go-metrics/internal/proto/metrics.pb.go:874.11,875.24 1 0
github.com/dnsoftware/go-metrics/internal/proto/metrics.pb.go:876.11,877.28 1 0
github.com/dnsoftware/go-metrics/internal/proto/metrics.pb.go:878.12,879.15 1 0
github.com/dnsoftware/go-metrics/internal/proto/metrics.pb.go:882.3,882.99 1 0
github.com/dnsoftware/go-metrics/internal/proto/metrics.pb.go:882.99,883.44 1 0
github.com/dnsoftware/go-metrics/internal/proto/metrics.pb.go:884.11,885.20 1 0
github.com/dnsoftware/go-metrics/internal/proto/metrics.pb.go:886.11,887.24 1 0
github.com/dnsoftware/go-metrics/internal/proto/metrics.pb.go:888.11,889.28 1 0
github.com/dnsoftware/go-metrics/internal/proto/metrics.pb.go:890.12,891.15 1 0
github.com/dnsoftware/go-metrics/internal/proto/metrics.pb.go:894.3,894.99 1 0
github.com/dnsoftware/go-metrics/internal/proto/metrics.pb.go:894.99,895.45 1 0
github.com/dnsoftware/go-metrics/internal/proto/metrics.pb.go:896.11,897.20 1 0
github.com/dnsoftware/go-metrics/internal/proto/metrics.pb.go:898.11,899.24 1 0
github.com/dnsoftware/go-metrics/internal/proto/metrics.pb.go:900.11,901.28 1 0
github.com/dnsoftware/go-metrics/internal/proto/metrics.pb.go:902.12,903.15 1 0
github.com/dnsoftware/go-metrics/internal/proto/metrics.pb.go:906.3,906.99 1 0
github.com/dnsoftware/go-metrics/internal/proto/metrics.pb.go:906.99,907.44 1 0
github.com/dnsoftware/go-metrics/internal/proto/metrics.pb.go:908.11,909.20 1 0
github.com/dnsoftware/go-metrics/internal/proto/metrics.pb.go:910.11,911.24 1 0
github.com/dnsoftware/go-metrics/internal/proto/metrics.pb.go:912.11,913.28 1 0
github.com/dnsoftware/go-metrics/internal/proto/metrics.pb.go:914.12,915.15 1 0
github.com/dnsoftware/go-metrics/internal/proto/metrics.pb.go:918.3,918.99 1 0
github.com/dnsoftware/go-metrics/internal/proto/metrics.pb.go:918.99,919.45 1 0
github.com/dnsoftware/go-metrics/internal/proto/metrics.pb.go:920.11,921.20 1 0
github.com/dnsoftware/go-metrics/internal/proto/metrics.pb.go:922.11,923.24 1 0
github.com/dnsoftware/go-metrics/internal/proto/metrics.pb.go:924.11,925.28 1 0
github.com/dnsoftware/go-metrics/internal/proto/metrics.pb.go:926.12,927.15 1 0
github.com/dnsoftware/go-metrics/internal/proto/metrics.pb.go:930.3,930.99 1 0
github.com/dnsoftware/go-metrics/internal/proto/metrics.pb.go:930.99,931.47 1 0
github.com/dnsoftware/go-metrics/internal/proto/metrics.pb.go:932.11,933.20 1 0
github.com/dnsoftware/go-metrics/internal/proto/metrics.pb.go:934.11,935.24 1 0
github.com/dnsoftware/go-metrics/internal/proto/metrics.pb.go:936.11,937.28 1 0
github.com/dnsoftware/go-metrics/internal/proto/metrics.pb.go:938.12,939.15 1 0
github.com/dnsoftware/go-metrics/internal/proto/metrics.pb.go:942.3,942.99 1 0
github.com/dnsoftware/go-metrics/internal/proto/metrics.pb.go:942.99,943.48 1 0
github.com/dnsoftware/go-metrics/internal/proto/metrics.pb.go:944.11,945.20 1 0
github.com/dnsoftware/go-metrics/internal/proto/metrics.pb.go:946.11,947.24 1 0
github.com/dnsoftware/go-metrics/internal/proto/metrics.pb.go:948.11,949.28 1 0
github.com/dnsoftware/go-metrics/internal/proto/metrics.pb.go:950.12,951.15 1 0
github.com/dnsoftware/go-metrics/internal/proto/metrics.pb.go:954.3,954.99 1 0
github.com/dnsoftware/go-metrics/internal/proto/metrics.pb.go:954.99,955.49 1 0
github.com/dnsoftware/go-metrics/internal/proto/metrics.pb.go:956.11,957.20 1 0
github.com/dnsoftware/go-metrics/internal/proto/metrics.pb.go:958.11,959.24 1 0
github.com/dnsoftware/go-metrics/internal/proto/metrics.pb.go:960.11,961.28 1 0
github.com/dnsoftware/go-metrics/internal/proto/metrics.pb.go:962.12,963.15 1 0
github.com/dnsoftware/go-metrics/internal/proto/metrics.pb.go:966.3,966.99 1 0
github.com/dnsoftware/go-metrics/internal/proto/metrics.pb.go:966.99,967.50 1 0
github.com/dnsoftware/go-metrics/internal/proto/metrics.pb.go:968.11,969.20 1 0
github.com/dnsoftware/go-metrics/internal/proto/metrics.pb.go:970.11,971.24 1 0
github.com/dnsoftware/go-metrics/internal/proto/metrics.pb.go:972.11,973.28 1 0
github.com/dnsoftware/go-metrics/internal/proto/metrics.pb.go:974.12,975.15 1 0
github.com/dnsoftware/go-metrics/internal/proto/metrics.pb.go:978.3,978.100 1 0
github.com/dnsoftware/go-metrics/internal/proto/metrics.pb.go:978.100,979.45 1 0
github.com/dnsoftware/go-metrics/internal/proto/metrics.pb.go:980.11,981.20 1 0
github.com/dnsoftware/go-metrics/internal/proto/metrics.pb.go:982.11,983.24 1 0
github.com/dnsoftware/go-metrics/internal/proto/metrics.pb.go:984.11,985.28 1 0
github.com/dnsoftware/go-metrics/internal/proto/metrics.pb.go:986.12,987.15 1 0
github.com/dnsoftware/go-metrics/internal/proto/metrics.pb.go:990.3,990.100 1 0
github.com/dnsoftware/go-metrics/internal/proto/metrics.pb.go:990.100,991.46 1 0
github.com/dnsoftware/go-metrics/internal/proto/metrics.pb.go:992.11,993.20 1 0
github.com/dnsoftware/go-metrics/internal/proto/metrics.pb.go:994.11,995.24 1 0
github.com/dnsoftware/go-metrics/internal/proto/metrics.pb.go:996.11,997.28 1 0
github.com/dnsoftware/go-metrics/internal/proto/metrics.pb.go:998.12,999.15 1 0
github.com/dnsoftware/go-metrics/internal/proto/metrics.pb.go:1003.2,1020.49 6 1
github.com/dnsoftware/go-metrics/internal/proto/metrics_grpc.pb.go:48.66,50.2 1 0
github.com/dnsoftware/go-metrics/internal/proto/metrics_grpc.pb.go:52.136,55.16 3 0
github.com/dnsoftware/go-metrics/internal/proto/metrics_grpc.pb.go:55.16,57.3 1 0
github.com/dnsoftware/go-metrics/internal/proto/metrics_grpc.pb.go:58.2,58.17 1 0
github.com/dnsoftware/go-metrics/internal/proto/metrics_grpc.pb.go:61.140,64.16 3 0
github.com/dnsoftware/go-metrics/internal/proto/metrics_grpc.pb.go:64.16,66.3 1 0
github.com/dnsoftware/go-metrics/internal/proto/metrics_grpc.pb.go:67.2,67.17 1 0
github.com/dnsoftware/go-metrics/internal/proto/metrics_grpc.pb.go:70.140,73.16 3 0
github.com/dnsoftware/go-metrics/internal/proto/metrics_grpc.pb.go:73.16,75.3 1 0
github.com/dnsoftware/go-metrics/internal/proto/metrics_grpc.pb.go:76.2,76.17 1 0
github.com/dnsoftware/go-metrics/internal/proto/metrics_grpc.pb.go:79.149,82.16 3 0
github.com/dnsoftware/go-metrics/internal/proto/metrics_grpc.pb.go:82.16,84.3 1 0
github.com/dnsoftware/go-metrics/internal/proto/metrics_grpc.pb.go:85.2,85.17 1 0
github.com/dnsoftware/go-metrics/internal/proto/metrics_grpc.pb.go:88.143,91.16 3 0
github.com/dnsoftware/go-metrics/internal/proto/metrics_grpc.pb.go:91.16,93.3 1 0
github.com/dnsoftware/go-metrics/internal/proto/metrics_grpc.pb.go:94.2,94.17 1 0
github.com/dnsoftware/go-metrics/internal/proto/metrics_grpc.pb.go:97.156,100.16 3 0
github.com/dnsoftware/go-metrics/internal/proto/metrics_grpc.pb.go:100.16,102.3 1 0
github.com/dnsoftware/go-metrics/internal/proto/metrics_grpc.pb.go:103.2,103.17 1 0
github.com/dnsoftware/go-metrics/internal/proto/metrics_grpc.pb.go:106.134,108.16 2 0
github.com/dnsoftware/go-metrics/internal/proto/metrics_grpc.pb.go:108.16,110.3 1 0
github.com/dnsoftware/go-metrics/internal/proto/metrics_grpc.pb.go:111.2,112.15 2 0
github.com/dnsoftware/go-metrics/internal/proto/metrics_grpc.pb.go:125.82,127.2 1 0
github.com/dnsoftware/go-metrics/internal/proto/metrics_grpc.pb.go:129.85,131.50 2 0
github.com/dnsoftware/go-metrics/internal/proto/metrics_grpc.pb.go:131.50,133.3 1 0
github.com/dnsoftware/go-metrics/internal/proto/metrics_grpc.pb.go:134.2,134.15 1 0
github.com/dnsoftware/go-metrics/internal/proto/metrics_grpc.pb.go:155.114,157.2 1 0
github.com/dnsoftware/go-metrics/internal/proto/metrics_grpc.pb.go:158.118,160.2 1 0
github.com/dnsoftware/go-metrics/internal/proto/metrics_grpc.pb.go:161.118,163.2 1 0
github.com/dnsoftware/go-metrics/internal/proto/metrics_grpc.pb.go:164.127,166.2 1 0
github.com/dnsoftware/go-metrics/internal/proto/metrics_grpc.pb.go:167.121,169.2 1 0
github.com/dnsoftware/go-metrics/internal/proto/metrics_grpc.pb.go:170.134,172.2 1 0
github.com/dnsoftware/go-metrics/internal/proto/metrics_grpc.pb.go:173.96,175.2 1 0
github.com/dnsoftware/go-metrics/internal/proto/metrics_grpc.pb.go:176.74,176.75 0 0
github.com/dnsoftware/go-metrics/internal/proto/metrics_grpc.pb.go:185.72,187.2 1 0
github.com/dnsoftware/go-metrics/internal/proto/metrics_grpc.pb.go:189.167,191.32 2 0
github.com/dnsoftware/go-metrics/internal/proto/metrics_grpc.pb.go:191.32,193.3 1 0
github.com/dnsoftware/go-metrics/internal/proto/metrics_grpc.pb.go:194.2,194.24 1 0
github.com/dnsoftware/go-metrics/internal/proto/metrics_grpc.pb.go:194.24,196.3 1 0
github.com/dnsoftware/go-metrics/internal/proto/metrics_grpc.pb.go:197.2,201.77 2 0
github.com/dnsoftware/go-metrics/internal/proto/metrics_grpc.pb.go:201.77,203.3 1 0
github.com/dnsoftware/go-metrics/internal/proto/metrics_grpc.pb.go:204.2,204.44 1 0
github.com/dnsoftware/go-metrics/internal/proto/metrics_grpc.pb.go:207.165,209.32 2 0
github.com/dnsoftware/go-metrics/internal/proto/metrics_grpc.pb.go:209.32,211.3 1 0
github.com/dnsoftware/go-metrics/internal/proto/metrics_grpc.pb.go:212.2,212.24 1 0
github.com/dnsoftware/go-metrics/internal/proto/metrics_grpc.pb.go:212.24,214.3 1 0
github.com/dnsoftware/go-metrics/internal/proto/metrics_grpc.pb.go:215.2,219.77 2 0
github.com/dnsoftware/go-metrics/internal/proto/metrics_grpc.pb.go:219.77,221.3 1 0
github.com/dnsoftware/go-metrics/internal/proto/metrics_grpc.pb.go:222.2,222.44 1 0
github.com/dnsoftware/go-metrics/internal/proto/metrics_grpc.pb.go:225.165,227.32 2 0
github.com/dnsoftware/go-metrics/internal/proto/metrics_grpc.pb.go:227.32,229.3 1 0
github.com/dnsoftware/go-metrics/internal/proto/metrics_grpc.pb.go:230.2,230.24 1 0
github.com/dnsoftware/go-metrics/internal/proto/metrics_grpc.pb.go:230.24,232.3 1 0
github.com/dnsoftware/go-metrics/internal/proto/metrics_grpc.pb.go:233.2,237.77 2 0
github.com/dnsoftware/go-metrics/internal/proto/metrics_grpc.pb.go:237.77,239.3 1 0
github.com/dnsoftware/go-metrics/internal/proto/metrics_grpc.pb.go:240.2,240.44 1 0
github.com/dnsoftware/go-metrics/internal/proto/metrics_grpc.pb.go:243.168,245.32 2 0
github.com/dnsoftware/go-metrics/internal/proto/metrics_grpc.pb.go:245.32,247.3 1 0
github.com/dnsoftware/go-metrics/internal/proto/metrics_grpc.pb.go:248.2,248.24 1 0
github.com/dnsoftware/go-metrics/internal/proto/metrics_grpc.pb.go:248.24,250.3 1 0
github.com/dnsoftware/go-metrics/internal/proto/metrics_grpc.pb.go:251.2,255.77 2 0
github.com/dnsoftware/go-metrics/internal/proto/metrics_grpc.pb.go:255.77,257.3 1 0
github.com/dnsoftware/go-metrics/internal/proto/metrics_grpc.pb.go:258.2,258.44 1 0
github.com/dnsoftware/go-metrics/internal/proto/metrics_grpc.pb.go:261.166,263.32 2 0
github.com/dnsoftware/go-metrics/internal/proto/metrics_grpc.pb.go:263.32,265.3 1 0
github.com/dnsoftware/go-metrics/internal/proto/metrics_grpc.pb.go:266.2,266.24 1 0
github.com/dnsoftware/go-metrics/internal/proto/metrics_grpc.pb.go:266.24,268.3 1 0
github.com/dnsoftware/go-metrics/internal/proto/metrics_grpc.pb.go:269.2,273.77 2 0
github.com/dnsoftware/go-metrics/internal/proto/metrics_grpc.pb.go:273.77,275.3 1 0
github.com/dnsoftware/go-metrics/internal/proto/metrics_grpc.pb.go:276.2,276.44 1 0
github.com/dnsoftware/go-metrics/internal/proto/metrics_grpc.pb.go:279.171,281.32 2 0
github.com/dnsoftware/go-metrics/internal/proto/metrics_grpc.pb.go:281.32,283.3 1 0
github.com/dnsoftware/go-metrics/internal/proto/metrics_grpc.pb.go:284.2,284.24 1 0
github.com/dnsoftware/go-metrics/internal/proto/metrics_grpc.pb.go:284.24,286.3 1 0
github.com/dnsoftware/go-metrics/internal/proto/metrics_grpc.pb.go:287.2,291.77 2 0
github.com/dnsoftware/go-metrics/internal/proto/metrics_grpc.pb.go:291.77,293.3 1 0
github.com/dnsoftware/go-metrics/internal/proto/metrics_grpc.pb.go:294.2,294.44 1 0
github.com/dnsoftware/go-metrics/internal/proto/metrics_grpc.pb.go:297.92,299.2 1 0
github.com/dnsoftware/go-metrics/internal/proto/metrics_grpc.pb.go:311.83,313.2 1 0
github.com/dnsoftware/go-metrics/internal/proto/metrics_grpc.pb.go:315.84,317.50 2 0
github.com/dnsoftware/go-metrics/internal/proto/metrics_grpc.pb.go:317.50,319.3 1 0
github.com/dnsoftware/go-metrics/internal/proto/metrics_grpc.pb.go:320.2,320.15 1 0
